Added Component: Designator=J1(CON-12X2-DIP-2.54mm)
Added Component: Designator=J2(CON-12X2-DIP-2.54mm)
Added Pin To Net: NetName=VSS Pin=J1-1
Added Pin To Net: NetName=VSS Pin=J1-2
Added Pin To Net: NetName=PC0 Pin=J1-3
Added Pin To Net: NetName=PC0 Pin=J1-4
Added Pin To Net: NetName=PC1 Pin=J1-5
Added Pin To Net: NetName=PC1 Pin=J1-6
Added Pin To Net: NetName=PC2 Pin=J1-7
Added Pin To Net: NetName=PC2 Pin=J1-8
Added Pin To Net: NetName=PC3 Pin=J1-9
Added Pin To Net: NetName=PC3 Pin=J1-10
Added Pin To Net: NetName=PC4 Pin=J1-11
Added Pin To Net: NetName=PC4 Pin=J1-12
Added Pin To Net: NetName=ICPDA Pin=J1-13
Added Pin To Net: NetName=ICPDA Pin=J1-14
Added Pin To Net: NetName=PA1 Pin=J1-15
Added Pin To Net: NetName=PA1 Pin=J1-16
Added Pin To Net: NetName=IPCCK Pin=J1-17
Added Pin To Net: NetName=IPCCK Pin=J1-18
Added Pin To Net: NetName=PA3 Pin=J1-19
Added Pin To Net: NetName=PA3 Pin=J1-20
Added Pin To Net: NetName=PB6 Pin=J1-21
Added Pin To Net: NetName=PB6 Pin=J1-22
Added Pin To Net: NetName=PB5 Pin=J1-23
Added Pin To Net: NetName=PB5 Pin=J1-24
Added Pin To Net: NetName=VDD Pin=J2-1
Added Pin To Net: NetName=VDD Pin=J2-2
Added Pin To Net: NetName=PB0 Pin=J2-3
Added Pin To Net: NetName=PB0 Pin=J2-4
Added Pin To Net: NetName=PB1 Pin=J2-5
Added Pin To Net: NetName=PB1 Pin=J2-6
Added Pin To Net: NetName=PB2 Pin=J2-7
Added Pin To Net: NetName=PB2 Pin=J2-8
Added Pin To Net: NetName=PC6 Pin=J2-9
Added Pin To Net: NetName=PC6 Pin=J2-10
Added Pin To Net: NetName=PC5 Pin=J2-11
Added Pin To Net: NetName=PC5 Pin=J2-12
Added Pin To Net: NetName=PA4 Pin=J2-13
Added Pin To Net: NetName=PA4 Pin=J2-14
Added Pin To Net: NetName=PA5 Pin=J2-15
Added Pin To Net: NetName=PA5 Pin=J2-16
Added Pin To Net: NetName=PA6 Pin=J2-17
Added Pin To Net: NetName=PA6 Pin=J2-18
Added Pin To Net: NetName=PA7 Pin=J2-19
Added Pin To Net: NetName=PA7 Pin=J2-20
Added Pin To Net: NetName=PB3 Pin=J2-21
Added Pin To Net: NetName=PB3 Pin=J2-22
Added Pin To Net: NetName=PB4 Pin=J2-23
Added Pin To Net: NetName=PB4 Pin=J2-24
