"File: HT66F319_I2C_UART.c  Assembler  Version HGASM0202      Page 1


   1  0000              ; Generated by holtek-gcc v3.18, Wed Dec 12 17:36:59 2018
   2  0000              ; 
   3  0000              ; Configuration:
   4  0000              ;       without long instruction
   5  0000              ;       Single ROM, Multi-RAM
   6  0000              ;       bits_per_rom_unit:16
   7  0000              ;       with mp1
   8  0000              ;       with tbhp, address(0x9)
   9  0000              ;          Use tabrd-const
  10  0000              ;       
  11  0000              ;       
  12  0000              ;       
  13  0000              ; use 'tabrdc' instead of 'tabrd'
  14  0000              ;       
  15  0000              
  16  0000              #pragma translator "holtek-gcc 4.6.4" "3.18" "build 20130711"
  17  0000              ; Rebuild 521
  18  0000              
  19  0000              ir equ [2]
  20  0000              mp equ [3]
  21  0000              sbp equ [1]
  22  0000              acc equ [5]
  23  0000              bp equ [4]
  24  0000              tblp equ [7]
  25  0000              tbhp equ [9]
  26  0000              status equ [10]
  27  0000              c equ [10].0
  28  0000              ac equ [10].1
  29  0000              z equ [10].2
  30  0000              ov equ [10].3
  31  0000              intc equ [11]
  32  0000              
  33  0000              extern ra:byte
  34  0000              extern rb:byte
  35  0000              extern rc:byte
  36  0000              extern rd:byte
  37  0000              extern re:byte
  38  0000              extern rf:byte
  39  0000              extern rg:byte
  40  0000              extern rh:byte
  41  0000              extern _Crom2Prom:near
  42  0000              extern _Crom2PromNext:near
  43  0000              
  44  0000              RAMBANK 0 @HCCINIT, @HCCINIT0
  45  0000              
  46  0000              RAMBANK 0 @BITDATASEC, @BITDATASEC1
  47  0000              @HCCINIT	.section 'data'
  48  0000              @HCCINIT0	.section 'data'
  49  0000              @BITDATASEC	 .section 'data'
  50  0000              @BITDATASEC1	 .section 'data'
  51  0000              
  52  0000              #pragma debug scope 1 1
  53  0000              	extern __DELAY3:near
  54  0000              	extern __DELAYX3:near
  55  0000              	extern __DELAYX6:near
  56  0000              	extern __DELAYY5:near
  57  0000              	extern __DELAYY3:near
  58  0000              	extern _builtin_holtek_delay_2:byte
  59  0000              public _Init_Vars
"File: HT66F319_I2C_UART.ASM  Assembler  Version HGASM0202      Page 2

  60  0000              #pragma debug scope 2 1

 370  0000              #line 370 "D:\WORK\Project\Github\etable\code\I2C\HT66F319_I2C_UART.c"
 370  0000              _Init_Vars .section 'code'
 370  0000              _Init_Vars proc
 373  0000              #line 373 "D:\WORK\Project\Github\etable\code\I2C\HT66F319_I2C_UART.c"
 373  0000  1F00     R  	clr _ptr_i2c_rx_buff[0]
 374  0001              #line 374 "D:\WORK\Project\Github\etable\code\I2C\HT66F319_I2C_UART.c"
 374  0001  1F00     R  	clr _ptr_i2c_tx_buff[0]
 374  0002  0F10        	mov a,16
 374  0003  0080     E  	mov ra,a
 376  0004              #line 376 "D:\WORK\Project\Github\etable\code\I2C\HT66F319_I2C_UART.c"
 376  0004  1F00     E  	clr rd
 376  0005              _L3:
 378  0005              #line 378 "D:\WORK\Project\Github\etable\code\I2C\HT66F319_I2C_UART.c"
 378  0005  0700     E  	mov a,rd
 378  0006  0080     E  	mov rb,a
 378  0007  1F00     E  	clr rc
 378  0008  0F00     R  	mov a,low offset _buff_i2c_rx
 378  0009  0300     E  	add a,rb
 378  000A  0083        	mov mp,a
 378  000B  0F00     R  	mov a,high offset _buff_i2c_rx
 378  000C  1300     E  	adc a,rc
 378  000D  0081        	mov sbp,a
 378  000E  0701        	mov a,sbp
 378  000F  0084        	mov bp,a
 378  0010  0F00        	mov a,0
 378  0011  0082        	mov ir,a
 379  0012              #line 379 "D:\WORK\Project\Github\etable\code\I2C\HT66F319_I2C_UART.c"
 379  0012  0F00     R  	mov a,low offset _buff_i2c_tx
 379  0013  0300     E  	add a,rb
 379  0014  0083        	mov mp,a
 379  0015  0F00     R  	mov a,high offset _buff_i2c_tx
 379  0016  1300     E  	adc a,rc
 379  0017  0081        	mov sbp,a
 379  0018  0701        	mov a,sbp
 379  0019  0084        	mov bp,a
 379  001A  0F00        	mov a,0
 379  001B  0082        	mov ir,a
 376  001C              #line 376 "D:\WORK\Project\Github\etable\code\I2C\HT66F319_I2C_UART.c"
 376  001C  1480     E  	inc rd
 376  001D  1780     E  	sdz ra
 376  001E  2800     R  	jmp _L3
 376  001F  0003        	ret
 376  0020              _Init_Vars endp
 376  0020              #line 376 "D:\WORK\Project\Github\etable\code\I2C\HT66F319_I2C_UART.c"
 376  0020              #pragma debug scope 1 1
 376  0020              ___sledc1 equ [82]
 376  0020              ___sledc0 equ [81]
 376  0020              public _Led_Current_Set
 376  0020              #pragma debug scope 3 1
 385  0020              #line 385 "D:\WORK\Project\Github\etable\code\I2C\HT66F319_I2C_UART.c"
 385  0000              _Led_Current_Set .section 'code'
 385  0000              _Led_Current_Set proc
 385  0000  00              local _Led_Current_Set_2 db 1 dup(?)	; 0,1
 385  0000  0080     E  	mov ra,a
 385  0001  0080     R  	mov _Led_Current_Set_2[0],a
 385  0002              #pragma debug variable 8 3 _Led_Current_Set_2+0 "level"
 386  0002              #line 386 "D:\WORK\Project\Github\etable\code\I2C\HT66F319_I2C_UART.c"
 386  0002  1700     E  	sdza ra
"File: HT66F319_I2C_UART.c  Assembler  Version HGASM0202      Page 3

 386  0003  2800     R  	jmp _L6
 388  0004              #line 388 "D:\WORK\Project\Github\etable\code\I2C\HT66F319_I2C_UART.c"
 388  0004  34D2        	clr [82].1
 389  0005              #line 389 "D:\WORK\Project\Github\etable\code\I2C\HT66F319_I2C_UART.c"
 389  0005  3052        	set [82].0
 390  0006              #line 390 "D:\WORK\Project\Github\etable\code\I2C\HT66F319_I2C_UART.c"
 390  0006  35D1        	clr [81].3
 391  0007              #line 391 "D:\WORK\Project\Github\etable\code\I2C\HT66F319_I2C_UART.c"
 391  0007  3151        	set [81].2
 392  0008              #line 392 "D:\WORK\Project\Github\etable\code\I2C\HT66F319_I2C_UART.c"
 392  0008  37D1        	clr [81].7
 393  0009              #line 393 "D:\WORK\Project\Github\etable\code\I2C\HT66F319_I2C_UART.c"
 393  0009  3351        	set [81].6
 394  000A              #line 394 "D:\WORK\Project\Github\etable\code\I2C\HT66F319_I2C_UART.c"
 394  000A  36D1        	clr [81].5
 394  000B  2800     R  	jmp _L11
 394  000C              _L6:
 399  000C              #line 399 "D:\WORK\Project\Github\etable\code\I2C\HT66F319_I2C_UART.c"
 399  000C  0700     R  	mov a,_Led_Current_Set_2[0]
 399  000D  0A02        	sub a,2
 399  000E  390A        	snz z
 399  000F  2800     R  	jmp _L8
 401  0010              #line 401 "D:\WORK\Project\Github\etable\code\I2C\HT66F319_I2C_UART.c"
 401  0010  30D2        	set [82].1
 402  0011              #line 402 "D:\WORK\Project\Github\etable\code\I2C\HT66F319_I2C_UART.c"
 402  0011  3452        	clr [82].0
 403  0012              #line 403 "D:\WORK\Project\Github\etable\code\I2C\HT66F319_I2C_UART.c"
 403  0012  31D1        	set [81].3
 404  0013              #line 404 "D:\WORK\Project\Github\etable\code\I2C\HT66F319_I2C_UART.c"
 404  0013  3551        	clr [81].2
 405  0014              #line 405 "D:\WORK\Project\Github\etable\code\I2C\HT66F319_I2C_UART.c"
 405  0014  33D1        	set [81].7
 406  0015              #line 406 "D:\WORK\Project\Github\etable\code\I2C\HT66F319_I2C_UART.c"
 406  0015  3751        	clr [81].6
 407  0016              #line 407 "D:\WORK\Project\Github\etable\code\I2C\HT66F319_I2C_UART.c"
 407  0016  32D1        	set [81].5
 407  0017  2800     R  	jmp _L10
 407  0018              _L8:
 412  0018              #line 412 "D:\WORK\Project\Github\etable\code\I2C\HT66F319_I2C_UART.c"
 412  0018  0700     R  	mov a,_Led_Current_Set_2[0]
 412  0019  0A03        	sub a,3
 412  001A  390A        	snz z
 412  001B  2800     R  	jmp _L9
 414  001C              #line 414 "D:\WORK\Project\Github\etable\code\I2C\HT66F319_I2C_UART.c"
 414  001C  30D2        	set [82].1
 415  001D              #line 415 "D:\WORK\Project\Github\etable\code\I2C\HT66F319_I2C_UART.c"
 415  001D  3052        	set [82].0
 416  001E              #line 416 "D:\WORK\Project\Github\etable\code\I2C\HT66F319_I2C_UART.c"
 416  001E  31D1        	set [81].3
 417  001F              #line 417 "D:\WORK\Project\Github\etable\code\I2C\HT66F319_I2C_UART.c"
 417  001F  3151        	set [81].2
 418  0020              #line 418 "D:\WORK\Project\Github\etable\code\I2C\HT66F319_I2C_UART.c"
 418  0020  33D1        	set [81].7
 419  0021              #line 419 "D:\WORK\Project\Github\etable\code\I2C\HT66F319_I2C_UART.c"
 419  0021  3351        	set [81].6
 420  0022              #line 420 "D:\WORK\Project\Github\etable\code\I2C\HT66F319_I2C_UART.c"
 420  0022  32D1        	set [81].5
 420  0023              _L11:
 421  0023              #line 421 "D:\WORK\Project\Github\etable\code\I2C\HT66F319_I2C_UART.c"
 421  0023  3251        	set [81].4
"File: HT66F319_I2C_UART.c  Assembler  Version HGASM0202      Page 4

 421  0024  2800     R  	jmp _L5
 421  0025              _L9:
 427  0025              #line 427 "D:\WORK\Project\Github\etable\code\I2C\HT66F319_I2C_UART.c"
 427  0025  34D2        	clr [82].1
 428  0026              #line 428 "D:\WORK\Project\Github\etable\code\I2C\HT66F319_I2C_UART.c"
 428  0026  3452        	clr [82].0
 429  0027              #line 429 "D:\WORK\Project\Github\etable\code\I2C\HT66F319_I2C_UART.c"
 429  0027  35D1        	clr [81].3
 430  0028              #line 430 "D:\WORK\Project\Github\etable\code\I2C\HT66F319_I2C_UART.c"
 430  0028  3551        	clr [81].2
 431  0029              #line 431 "D:\WORK\Project\Github\etable\code\I2C\HT66F319_I2C_UART.c"
 431  0029  37D1        	clr [81].7
 432  002A              #line 432 "D:\WORK\Project\Github\etable\code\I2C\HT66F319_I2C_UART.c"
 432  002A  3751        	clr [81].6
 433  002B              #line 433 "D:\WORK\Project\Github\etable\code\I2C\HT66F319_I2C_UART.c"
 433  002B  36D1        	clr [81].5
 433  002C              _L10:
 434  002C              #line 434 "D:\WORK\Project\Github\etable\code\I2C\HT66F319_I2C_UART.c"
 434  002C  3651        	clr [81].4
 434  002D              _L5:
 434  002D  0003        	ret
 434  002E              _Led_Current_Set endp
 434  002E              #line 434 "D:\WORK\Project\Github\etable\code\I2C\HT66F319_I2C_UART.c"
 434  002E              #pragma debug scope 1 1
 434  002E              ___wdtc equ [26]
 434  002E              ___acerl equ [67]
 434  002E              ___cpc equ [62]
 434  002E              ___pb equ [37]
 434  002E              ___pc equ [64]
 434  002E              ___pa equ [20]
 434  002E              ___pac equ [21]
 434  002E              ___pbc equ [38]
 434  002E              ___pcc equ [65]
 434  002E              ___pcpu equ [66]
 434  002E              ___papu equ [22]
 434  002E              ___pbpu equ [39]
 434  002E              ___iicc0 equ [73]
 434  002E              ___iica equ [76]
 434  002E              ___intc2 equ [16]
 434  002E              ___tbc equ [27]
 434  002E              ___intc1 equ [15]
 434  002E              public _Init_System
 434  002E              #pragma debug scope 4 1
 259  002E              #line 259 "D:\WORK\Project\Github\etable\code\I2C\HT66F319_I2C_UART.c"
 259  0000              _Init_System .section 'code'
 259  0000              _Init_System proc
 260  0000              #line 260 "D:\WORK\Project\Github\etable\code\I2C\HT66F319_I2C_UART.c"
 260  0000  0FAF        	mov a,175
 260  0001  009A        	mov [26],a
 262  0002              #line 262 "D:\WORK\Project\Github\etable\code\I2C\HT66F319_I2C_UART.c"
 262  0002  1F43        	clr [67]
 263  0003              #line 263 "D:\WORK\Project\Github\etable\code\I2C\HT66F319_I2C_UART.c"
 263  0003  31BE        	set [62].3
 264  0004              #line 264 "D:\WORK\Project\Github\etable\code\I2C\HT66F319_I2C_UART.c"
 264  0004  37BE        	clr [62].7
 267  0005              #line 267 "D:\WORK\Project\Github\etable\code\I2C\HT66F319_I2C_UART.c"
 267  0005  0F00        	mov a,0
 267  0006  2000     R  	call _Led_Current_Set
 269  0007              #line 269 "D:\WORK\Project\Github\etable\code\I2C\HT66F319_I2C_UART.c"
 269  0007  3425        	clr [37].0
"File: HT66F319_I2C_UART.c  Assembler  Version HGASM0202      Page 5

 270  0008              #line 270 "D:\WORK\Project\Github\etable\code\I2C\HT66F319_I2C_UART.c"
 270  0008  34A5        	clr [37].1
 271  0009              #line 271 "D:\WORK\Project\Github\etable\code\I2C\HT66F319_I2C_UART.c"
 271  0009  3525        	clr [37].2
 272  000A              #line 272 "D:\WORK\Project\Github\etable\code\I2C\HT66F319_I2C_UART.c"
 272  000A  35C0        	clr [64].3
 273  000B              #line 273 "D:\WORK\Project\Github\etable\code\I2C\HT66F319_I2C_UART.c"
 273  000B  3640        	clr [64].4
 274  000C              #line 274 "D:\WORK\Project\Github\etable\code\I2C\HT66F319_I2C_UART.c"
 274  000C  3614        	clr [20].4
 275  000D              #line 275 "D:\WORK\Project\Github\etable\code\I2C\HT66F319_I2C_UART.c"
 275  000D  3694        	clr [20].5
 276  000E              #line 276 "D:\WORK\Project\Github\etable\code\I2C\HT66F319_I2C_UART.c"
 276  000E  3714        	clr [20].6
 277  000F              #line 277 "D:\WORK\Project\Github\etable\code\I2C\HT66F319_I2C_UART.c"
 277  000F  3794        	clr [20].7
 278  0010              #line 278 "D:\WORK\Project\Github\etable\code\I2C\HT66F319_I2C_UART.c"
 278  0010  35A5        	clr [37].3
 279  0011              #line 279 "D:\WORK\Project\Github\etable\code\I2C\HT66F319_I2C_UART.c"
 279  0011  3625        	clr [37].4
 280  0012              #line 280 "D:\WORK\Project\Github\etable\code\I2C\HT66F319_I2C_UART.c"
 280  0012  3615        	clr [21].4
 281  0013              #line 281 "D:\WORK\Project\Github\etable\code\I2C\HT66F319_I2C_UART.c"
 281  0013  3695        	clr [21].5
 282  0014              #line 282 "D:\WORK\Project\Github\etable\code\I2C\HT66F319_I2C_UART.c"
 282  0014  3715        	clr [21].6
 283  0015              #line 283 "D:\WORK\Project\Github\etable\code\I2C\HT66F319_I2C_UART.c"
 283  0015  3795        	clr [21].7
 285  0016              #line 285 "D:\WORK\Project\Github\etable\code\I2C\HT66F319_I2C_UART.c"
 285  0016  3426        	clr [38].0
 286  0017              #line 286 "D:\WORK\Project\Github\etable\code\I2C\HT66F319_I2C_UART.c"
 286  0017  34A6        	clr [38].1
 287  0018              #line 287 "D:\WORK\Project\Github\etable\code\I2C\HT66F319_I2C_UART.c"
 287  0018  3526        	clr [38].2
 288  0019              #line 288 "D:\WORK\Project\Github\etable\code\I2C\HT66F319_I2C_UART.c"
 288  0019  35A6        	clr [38].3
 289  001A              #line 289 "D:\WORK\Project\Github\etable\code\I2C\HT66F319_I2C_UART.c"
 289  001A  3626        	clr [38].4
 291  001B              #line 291 "D:\WORK\Project\Github\etable\code\I2C\HT66F319_I2C_UART.c"
 291  001B  35C1        	clr [65].3
 292  001C              #line 292 "D:\WORK\Project\Github\etable\code\I2C\HT66F319_I2C_UART.c"
 292  001C  3641        	clr [65].4
 296  001D              #line 296 "D:\WORK\Project\Github\etable\code\I2C\HT66F319_I2C_UART.c"
 296  001D  3042        	set [66].0
 297  001E              #line 297 "D:\WORK\Project\Github\etable\code\I2C\HT66F319_I2C_UART.c"
 297  001E  30C2        	set [66].1
 298  001F              #line 298 "D:\WORK\Project\Github\etable\code\I2C\HT66F319_I2C_UART.c"
 298  001F  3142        	set [66].2
 299  0020              #line 299 "D:\WORK\Project\Github\etable\code\I2C\HT66F319_I2C_UART.c"
 299  0020  3096        	set [22].1
 300  0021              #line 300 "D:\WORK\Project\Github\etable\code\I2C\HT66F319_I2C_UART.c"
 300  0021  3196        	set [22].3
 301  0022              #line 301 "D:\WORK\Project\Github\etable\code\I2C\HT66F319_I2C_UART.c"
 301  0022  32A7        	set [39].5
 302  0023              #line 302 "D:\WORK\Project\Github\etable\code\I2C\HT66F319_I2C_UART.c"
 302  0023  3327        	set [39].6
 304  0024              #line 304 "D:\WORK\Project\Github\etable\code\I2C\HT66F319_I2C_UART.c"
 304  0024  3040        	set [64].0
 305  0025              #line 305 "D:\WORK\Project\Github\etable\code\I2C\HT66F319_I2C_UART.c"
 305  0025  30C0        	set [64].1
"File: HT66F319_I2C_UART.c  Assembler  Version HGASM0202      Page 6

 306  0026              #line 306 "D:\WORK\Project\Github\etable\code\I2C\HT66F319_I2C_UART.c"
 306  0026  3140        	set [64].2
 307  0027              #line 307 "D:\WORK\Project\Github\etable\code\I2C\HT66F319_I2C_UART.c"
 307  0027  3094        	set [20].1
 308  0028              #line 308 "D:\WORK\Project\Github\etable\code\I2C\HT66F319_I2C_UART.c"
 308  0028  3194        	set [20].3
 309  0029              #line 309 "D:\WORK\Project\Github\etable\code\I2C\HT66F319_I2C_UART.c"
 309  0029  3325        	set [37].6
 310  002A              #line 310 "D:\WORK\Project\Github\etable\code\I2C\HT66F319_I2C_UART.c"
 310  002A  32A5        	set [37].5
 324  002B              #line 324 "D:\WORK\Project\Github\etable\code\I2C\HT66F319_I2C_UART.c"
 324  002B  30C9        	set [73].1
 325  002C              #line 325 "D:\WORK\Project\Github\etable\code\I2C\HT66F319_I2C_UART.c"
 325  002C  3149        	set [73].2
 326  002D              #line 326 "D:\WORK\Project\Github\etable\code\I2C\HT66F319_I2C_UART.c"
 326  002D  31C9        	set [73].3
 327  002E              #line 327 "D:\WORK\Project\Github\etable\code\I2C\HT66F319_I2C_UART.c"
 327  002E  32C1        	set [65].5
 328  002F              #line 328 "D:\WORK\Project\Github\etable\code\I2C\HT66F319_I2C_UART.c"
 328  002F  3341        	set [65].6
 329  0030              #line 329 "D:\WORK\Project\Github\etable\code\I2C\HT66F319_I2C_UART.c"
 329  0030  31D2        	set [82].3
 330  0031              #line 330 "D:\WORK\Project\Github\etable\code\I2C\HT66F319_I2C_UART.c"
 330  0031  3152        	set [82].2
 331  0032              #line 331 "D:\WORK\Project\Github\etable\code\I2C\HT66F319_I2C_UART.c"
 331  0032  32C0        	set [64].5
 332  0033              #line 332 "D:\WORK\Project\Github\etable\code\I2C\HT66F319_I2C_UART.c"
 332  0033  3340        	set [64].6
 333  0034              #line 333 "D:\WORK\Project\Github\etable\code\I2C\HT66F319_I2C_UART.c"
 333  0034  32C2        	set [66].5
 334  0035              #line 334 "D:\WORK\Project\Github\etable\code\I2C\HT66F319_I2C_UART.c"
 334  0035  3342        	set [66].6
 336  0036              #line 336 "D:\WORK\Project\Github\etable\code\I2C\HT66F319_I2C_UART.c"
 336  0036  0F70        	mov a,112
 336  0037  00CC        	mov [76],a
 341  0038              #line 341 "D:\WORK\Project\Github\etable\code\I2C\HT66F319_I2C_UART.c"
 341  0038  3710        	clr [16].6
 342  0039              #line 342 "D:\WORK\Project\Github\etable\code\I2C\HT66F319_I2C_UART.c"
 342  0039  3110        	set [16].2
 362  003A              #line 362 "D:\WORK\Project\Github\etable\code\I2C\HT66F319_I2C_UART.c"
 362  003A  0FF6        	mov a,246
 362  003B  009B        	mov [27],a
 363  003C              #line 363 "D:\WORK\Project\Github\etable\code\I2C\HT66F319_I2C_UART.c"
 363  003C  378F        	clr [15].7
 364  003D              #line 364 "D:\WORK\Project\Github\etable\code\I2C\HT66F319_I2C_UART.c"
 364  003D  318F        	set [15].3
 365  003E              #line 365 "D:\WORK\Project\Github\etable\code\I2C\HT66F319_I2C_UART.c"
 365  003E  3610        	clr [16].4
 366  003F              #line 366 "D:\WORK\Project\Github\etable\code\I2C\HT66F319_I2C_UART.c"
 366  003F  3010        	set [16].0
 366  0040  0003        	ret
 366  0041              _Init_System endp
 366  0041              #line 366 "D:\WORK\Project\Github\etable\code\I2C\HT66F319_I2C_UART.c"
 366  0041              #pragma debug scope 1 1
 366  0041              public _Digit_Set
 366  0041              #pragma debug scope 5 1
 445  0041              #line 445 "D:\WORK\Project\Github\etable\code\I2C\HT66F319_I2C_UART.c"
 445  0000              _Digit_Set .section 'code'
 445  0000              _Digit_Set proc
 445  0000  00              local _Digit_Set_2 db 1 dup(?)	; 0,1
"File: HT66F319_I2C_UART.c  Assembler  Version HGASM0202      Page 7

 445  0000  0080     E  	mov ra,a
 445  0001  0080     R  	mov _Digit_Set_2[0],a
 445  0002              #pragma debug variable 8 5 _Digit_Set_2+0 "led"
 446  0002              #line 446 "D:\WORK\Project\Github\etable\code\I2C\HT66F319_I2C_UART.c"
 446  0002  0F01        	mov a,1
 446  0003  0680     E  	andm a,ra
 446  0004  3425        	clr [37].0
 446  0005  0700     E  	mov a,ra
 446  0006  05A5        	orm a,[37]
 447  0007              #line 447 "D:\WORK\Project\Github\etable\code\I2C\HT66F319_I2C_UART.c"
 447  0007  1F00     E  	clr ra
 447  0008  3C00     R  	sz _Digit_Set_2[0].1
 447  0009  1480     E  	inc ra
 447  000A  0700     E  	mov a,ra
 447  000B  0380     E  	addm a,ra
 447  000C  34A5        	clr [37].1
 447  000D  0700     E  	mov a,ra
 447  000E  05A5        	orm a,[37]
 448  000F              #line 448 "D:\WORK\Project\Github\etable\code\I2C\HT66F319_I2C_UART.c"
 448  000F  1F00     E  	clr ra
 448  0010  3C00     R  	sz _Digit_Set_2[0].2
 448  0011  3000     E  	set ra.2
 448  0012  3525        	clr [37].2
 448  0013  0700     E  	mov a,ra
 448  0014  05A5        	orm a,[37]
 449  0015              #line 449 "D:\WORK\Project\Github\etable\code\I2C\HT66F319_I2C_UART.c"
 449  0015  0700     R  	mov a,_Digit_Set_2[0]
 449  0016  0E08        	and a,8
 449  0017  0080     E  	mov ra,a
 449  0018  35C0        	clr [64].3
 449  0019  0700     E  	mov a,ra
 449  001A  05C0        	orm a,[64]
 450  001B              #line 450 "D:\WORK\Project\Github\etable\code\I2C\HT66F319_I2C_UART.c"
 450  001B  0700     R  	mov a,_Digit_Set_2[0]
 450  001C  0E10        	and a,16
 450  001D  0080     E  	mov ra,a
 450  001E  3640        	clr [64].4
 450  001F  0700     E  	mov a,ra
 450  0020  05C0        	orm a,[64]
 451  0021              #line 451 "D:\WORK\Project\Github\etable\code\I2C\HT66F319_I2C_UART.c"
 451  0021  1F00     E  	clr ra
 451  0022  3C00     R  	sz _Digit_Set_2[0].5
 451  0023  1480     E  	inc ra
 451  0024  1100     E  	swapa ra
 451  0025  0EF0        	and a,0f0h 
 451  0026  0080     E  	mov ra,a
 451  0027  3614        	clr [20].4
 451  0028  0700     E  	mov a,ra
 451  0029  0594        	orm a,[20]
 452  002A              #line 452 "D:\WORK\Project\Github\etable\code\I2C\HT66F319_I2C_UART.c"
 452  002A  1F00     E  	clr ra
 452  002B  3C00     R  	sz _Digit_Set_2[0].6
 452  002C  1480     E  	inc ra
 452  002D  1100     E  	swapa ra
 452  002E  1885        	rl acc
 452  002F  0EE0        	and a,0e0h
 452  0030  0080     E  	mov ra,a
 452  0031  3694        	clr [20].5
 452  0032  0700     E  	mov a,ra
 452  0033  0594        	orm a,[20]
"File: HT66F319_I2C_UART.c  Assembler  Version HGASM0202      Page 8

 452  0034  0003        	ret
 452  0035              _Digit_Set endp
 452  0035              #line 452 "D:\WORK\Project\Github\etable\code\I2C\HT66F319_I2C_UART.c"
 452  0035              #pragma debug scope 1 1
 452  0035              public _Com_Sel
 452  0035              #pragma debug scope 6 1
 457  0035              #line 457 "D:\WORK\Project\Github\etable\code\I2C\HT66F319_I2C_UART.c"
 457  0000              _Com_Sel .section 'code'
 457  0000              _Com_Sel proc
 457  0000  00              local _Com_Sel_2 db 1 dup(?)	; 0,1
 457  0000  0080     R  	mov _Com_Sel_2[0],a
 457  0001              #pragma debug variable 8 6 _Com_Sel_2+0 "sel"
 458  0001              #line 458 "D:\WORK\Project\Github\etable\code\I2C\HT66F319_I2C_UART.c"
 458  0001  3794        	clr [20].7
 459  0002              #line 459 "D:\WORK\Project\Github\etable\code\I2C\HT66F319_I2C_UART.c"
 459  0002  35A5        	clr [37].3
 460  0003              #line 460 "D:\WORK\Project\Github\etable\code\I2C\HT66F319_I2C_UART.c"
 460  0003  3625        	clr [37].4
 462  0004              #line 462 "D:\WORK\Project\Github\etable\code\I2C\HT66F319_I2C_UART.c"
 462  0004  1080     R  	sz _Com_Sel_2[0]
 462  0005  2800     R  	jmp _L15
 464  0006              #line 464 "D:\WORK\Project\Github\etable\code\I2C\HT66F319_I2C_UART.c"
 464  0006  3394        	set [20].7
 464  0007  2800     R  	jmp _L14
 464  0008              _L15:
 466  0008              #line 466 "D:\WORK\Project\Github\etable\code\I2C\HT66F319_I2C_UART.c"
 466  0008  1700     R  	sdza _Com_Sel_2[0]
 466  0009  2800     R  	jmp _L17
 468  000A              #line 468 "D:\WORK\Project\Github\etable\code\I2C\HT66F319_I2C_UART.c"
 468  000A  31A5        	set [37].3
 468  000B  2800     R  	jmp _L14
 468  000C              _L17:
 470  000C              #line 470 "D:\WORK\Project\Github\etable\code\I2C\HT66F319_I2C_UART.c"
 470  000C  0700     R  	mov a,_Com_Sel_2[0]
 470  000D  0A02        	sub a,2
 470  000E  390A        	snz z
 470  000F  2800     R  	jmp _L14
 472  0010              #line 472 "D:\WORK\Project\Github\etable\code\I2C\HT66F319_I2C_UART.c"
 472  0010  3225        	set [37].4
 472  0011              _L14:
 472  0011  0003        	ret
 472  0012              _Com_Sel endp
 472  0012              #line 472 "D:\WORK\Project\Github\etable\code\I2C\HT66F319_I2C_UART.c"
 472  0012              #pragma debug scope 1 1
 472  0012              public _Led_Scan
 472  0012              #pragma debug scope 7 1
 477  0012              #line 477 "D:\WORK\Project\Github\etable\code\I2C\HT66F319_I2C_UART.c"
 477  0000              _Led_Scan .section 'code'
 477  0000              _Led_Scan proc
 477  0000  0004[           local _Led_Scan_2 db 4 dup(?)	; 0,4
            00
            ]
 482  0004              #line 482 "D:\WORK\Project\Github\etable\code\I2C\HT66F319_I2C_UART.c"
 482  0000  0F00        	mov a,0
 482  0001  2000     R  	call _Digit_Set
 484  0002              #line 484 "D:\WORK\Project\Github\etable\code\I2C\HT66F319_I2C_UART.c"
 484  0002  0700     R  	mov a,___led_tmr_1865[0]
 484  0003  0080     R  	mov _Led_Scan_2[0],a
 484  0004  0700     R  	mov a,___led_tmr_1865[1]
 484  0005  0080     R  	mov _Led_Scan_2[1],a
"File: HT66F319_I2C_UART.c  Assembler  Version HGASM0202      Page 9

 484  0006  0700     R  	mov a,___led_tmr_1865[2]
 484  0007  0080     R  	mov _Led_Scan_2[2],a
 484  0008  0700     R  	mov a,___led_tmr_1865[3]
 484  0009  0080     R  	mov _Led_Scan_2[3],a
 484  000A  0700     R  	mov a,_led_duty[0]
 484  000B  0200     R  	sub a,_Led_Scan_2[0]
 484  000C  0700     R  	mov a,_led_duty[1]
 484  000D  1200     R  	sbc a,_Led_Scan_2[1]
 484  000E  1F05        	clr acc
 484  000F  1200     R  	sbc a,_Led_Scan_2[2]
 484  0010  1F05        	clr acc
 484  0011  1200     R  	sbc a,_Led_Scan_2[3]
 484  0012  380A        	snz c
 484  0013  2800     R  	jmp _L19
 485  0014              #line 485 "D:\WORK\Project\Github\etable\code\I2C\HT66F319_I2C_UART.c"
 485  0014  0700     R  	mov a,_com[0]
 485  0015  0080     E  	mov ra,a
 485  0016  0700     E  	mov a,ra
 485  0017  2800     R  	jmp _L26
 485  0018              _L19:
 487  0018              #line 487 "D:\WORK\Project\Github\etable\code\I2C\HT66F319_I2C_UART.c"
 487  0018  0F08        	mov a,8
 487  0019              _L26:
 487  0019  2000     R  	call _Com_Sel
 489  001A              #line 489 "D:\WORK\Project\Github\etable\code\I2C\HT66F319_I2C_UART.c"
 489  001A  0F00     R  	mov a,low offset _height_str
 489  001B  0300     R  	add a,_com[0]
 489  001C  0083        	mov mp,a
 489  001D  0F00     R  	mov a,high offset _height_str
 489  001E  1F01        	clr sbp
 489  001F  1381        	adcm a,sbp
 489  0020  2000     E  	call _Crom2Prom
 489  0021  0080     E  	mov ra,a
 490  0022              #line 490 "D:\WORK\Project\Github\etable\code\I2C\HT66F319_I2C_UART.c"
 490  0022  0700     E  	mov a,ra
 490  0023  0BD0        	add a,208
 490  0024  0080     E  	mov rb,a
 490  0025  0F09        	mov a,9
 490  0026  0200     E  	sub a,rb
 490  0027  3C0A        	sz c
 490  0028  2800     R  	jmp _L27
 495  0029              #line 495 "D:\WORK\Project\Github\etable\code\I2C\HT66F319_I2C_UART.c"
 495  0029  0700     E  	mov a,ra
 495  002A  0BBF        	add a,191
 495  002B  0080     E  	mov rb,a
 495  002C  0F05        	mov a,5
 495  002D  0200     E  	sub a,rb
 495  002E  380A        	snz c
 495  002F  2800     R  	jmp _L22
 497  0030              #line 497 "D:\WORK\Project\Github\etable\code\I2C\HT66F319_I2C_UART.c"
 497  0030  0700     E  	mov a,ra
 497  0031  0BC9        	add a,201
 497  0032  0080     E  	mov rb,a
 497  0033              _L27:
 498  0033              #line 498 "D:\WORK\Project\Github\etable\code\I2C\HT66F319_I2C_UART.c"
 498  0033  1F00     E  	clr rc
 498  0034  3C00     E  	sz rb.7
 498  0035  1F80     E  	set rc
 498  0036  0F00     R  	mov a,low offset _seg_7_table
 498  0037  0300     E  	add a,rb
"File: HT66F319_I2C_UART.c  Assembler  Version HGASM0202      Page 10

 498  0038  0083        	mov mp,a
 498  0039  0F00     R  	mov a,high offset _seg_7_table
 498  003A  1300     E  	adc a,rc
 498  003B  0081        	mov sbp,a
 498  003C  2000     E  	call _Crom2Prom
 498  003D  2000     R  	call _Digit_Set
 498  003E              _L22:
 501  003E              #line 501 "D:\WORK\Project\Github\etable\code\I2C\HT66F319_I2C_UART.c"
 501  003E  0F01        	mov a,1
 501  003F  0200     R  	sub a,_com[0]
 501  0040  3C0A        	sz c
 501  0041  2800     R  	jmp _L23
 503  0042              #line 503 "D:\WORK\Project\Github\etable\code\I2C\HT66F319_I2C_UART.c"
 503  0042  1F00     R  	clr _com[0]
 504  0043              #line 504 "D:\WORK\Project\Github\etable\code\I2C\HT66F319_I2C_UART.c"
 504  0043  1080     R  	sz _Led_Scan_2[3]
 504  0044  2800     R  	jmp _LI2
 504  0045  1080     R  	sz _Led_Scan_2[2]
 504  0046  2800     R  	jmp _LI2
 504  0047  0700     R  	mov a,_Led_Scan_2[0]
 504  0048  0200     R  	sub a,_led_period[0]
 504  0049  0700     R  	mov a,_Led_Scan_2[1]
 504  004A  1200     R  	sbc a,_led_period[1]
 504  004B  380A        	snz c
 504  004C  2800     R  	jmp _L24
 504  004D              _LI2:
 505  004D              #line 505 "D:\WORK\Project\Github\etable\code\I2C\HT66F319_I2C_UART.c"
 505  004D  1F00     R  	clr ___led_tmr_1865[0]
 505  004E  1F00     R  	clr ___led_tmr_1865[1]
 505  004F  1F00     R  	clr ___led_tmr_1865[2]
 505  0050  1F00     R  	clr ___led_tmr_1865[3]
 505  0051  2800     R  	jmp _L18
 505  0052              _L24:
 507  0052              #line 507 "D:\WORK\Project\Github\etable\code\I2C\HT66F319_I2C_UART.c"
 507  0052  0F01        	mov a,1
 507  0053  0300     R  	add a,_Led_Scan_2[0]
 507  0054  0080     R  	mov ___led_tmr_1865[0],a
 507  0055  0F00        	mov a,0
 507  0056  1300     R  	adc a,_Led_Scan_2[1]
 507  0057  0080     R  	mov ___led_tmr_1865[1],a
 507  0058  0F00        	mov a,0
 507  0059  1300     R  	adc a,_Led_Scan_2[2]
 507  005A  0080     R  	mov ___led_tmr_1865[2],a
 507  005B  0F00        	mov a,0
 507  005C  1300     R  	adc a,_Led_Scan_2[3]
 507  005D  0080     R  	mov ___led_tmr_1865[3],a
 507  005E  2800     R  	jmp _L18
 507  005F              _L23:
 510  005F              #line 510 "D:\WORK\Project\Github\etable\code\I2C\HT66F319_I2C_UART.c"
 510  005F  1480     R  	inc _com[0]
 510  0060              _L18:
 510  0060  0003        	ret
 510  0061              _Led_Scan endp
 510  0061              #line 510 "D:\WORK\Project\Github\etable\code\I2C\HT66F319_I2C_UART.c"
 510  0061              #pragma debug scope 1 1
 510  0061              public _Key_Scan
 510  0061              #pragma debug scope 8 1
 514  0061              #line 514 "D:\WORK\Project\Github\etable\code\I2C\HT66F319_I2C_UART.c"
 514  0000              _Key_Scan .section 'code'
 514  0000              _Key_Scan proc
"File: HT66F319_I2C_UART.c  Assembler  Version HGASM0202      Page 11

 515  0000              #line 515 "D:\WORK\Project\Github\etable\code\I2C\HT66F319_I2C_UART.c"
 515  0000  1F00     E  	clr rd
 515  0001  3EA5        	sz [37].5
 515  0002  1480     E  	inc rd
 515  0003  1F00     E  	clr rb
 515  0004  3F25        	sz [37].6
 515  0005  1480     E  	inc rb
 515  0006  1F00     E  	clr rf
 515  0007  3D94        	sz [20].3
 515  0008  1480     E  	inc rf
 515  0009  1F00     E  	clr rg
 515  000A  3C94        	sz [20].1
 515  000B  1480     E  	inc rg
 515  000C  1F00     E  	clr rh
 515  000D  3D40        	sz [64].2
 515  000E  1480     E  	inc rh
 515  000F  1F00     E  	clr ra
 515  0010  3CC0        	sz [64].1
 515  0011  1480     E  	inc ra
 515  0012  0740        	mov a,[64]
 515  0013  0E01        	and a,1
 515  0014  0080     E  	mov rc,a
 515  0015  3000     E  	set rc.7
 515  0016  1F00     E  	clr re
 515  0017  0F06        	mov a,6
 515  0018              _LI3:
 515  0018  340A        	clr c
 515  0019  1A80     E  	rlc rd
 515  001A  1A80     E  	rlc re
 515  001B  1785        	sdz acc
 515  001C  2800     R  	jmp _LI3
 515  001D  0700     E  	mov a,rc
 515  001E  0580     E  	orm a,rd
 515  001F  1F00     E  	clr rc
 515  0020  0F05        	mov a,5
 515  0021              _LI4:
 515  0021  340A        	clr c
 515  0022  1A80     E  	rlc rb
 515  0023  1A80     E  	rlc rc
 515  0024  1785        	sdz acc
 515  0025  2800     R  	jmp _LI4
 515  0026  0700     E  	mov a,rb
 515  0027  0580     E  	orm a,rd
 515  0028  0700     E  	mov a,rf
 515  0029  0080     E  	mov rb,a
 515  002A  1F00     E  	clr rc
 515  002B  0F04        	mov a,4
 515  002C              _LI5:
 515  002C  340A        	clr c
 515  002D  1A80     E  	rlc rb
 515  002E  1A80     E  	rlc rc
 515  002F  1785        	sdz acc
 515  0030  2800     R  	jmp _LI5
 515  0031  0700     E  	mov a,rb
 515  0032  0580     E  	orm a,rd
 515  0033  0700     E  	mov a,rg
 515  0034  0080     E  	mov rf,a
 515  0035  1F00     E  	clr rg
 515  0036  0F03        	mov a,3
 515  0037              _LI6:
"File: HT66F319_I2C_UART.c  Assembler  Version HGASM0202      Page 12

 515  0037  340A        	clr c
 515  0038  1A80     E  	rlc rf
 515  0039  1A80     E  	rlc rg
 515  003A  1785        	sdz acc
 515  003B  2800     R  	jmp _LI6
 515  003C  0700     E  	mov a,rf
 515  003D  0580     E  	orm a,rd
 515  003E  0700     E  	mov a,rh
 515  003F  0080     E  	mov rf,a
 515  0040  1F00     E  	clr rg
 515  0041  340A        	clr c
 515  0042  1A80     E  	rlc rf
 515  0043  1A80     E  	rlc rg
 515  0044  340A        	clr c
 515  0045  1A80     E  	rlc rf
 515  0046  1A80     E  	rlc rg
 515  0047  0700     E  	mov a,rd
 515  0048  0580     E  	orm a,rf
 515  0049  0700     E  	mov a,ra
 515  004A  0380     E  	addm a,ra
 515  004B  0700     E  	mov a,ra
 515  004C  0580     E  	orm a,rf
 515  004D  0100     E  	cpla rf
 515  004E  0080     E  	mov rf,a
 516  004F              #line 516 "D:\WORK\Project\Github\etable\code\I2C\HT66F319_I2C_UART.c"
 516  004F  0700     E  	mov a,rf
 516  0050  0003        	ret
 516  0051              _Key_Scan endp
 516  0051              #line 516 "D:\WORK\Project\Github\etable\code\I2C\HT66F319_I2C_UART.c"
 516  0051              #pragma debug scope 1 1
 516  0051              public _Clear_Rx
 516  0051              #pragma debug scope 9 1
 519  0051              #line 519 "D:\WORK\Project\Github\etable\code\I2C\HT66F319_I2C_UART.c"
 519  0000              _Clear_Rx .section 'code'
 519  0000              _Clear_Rx proc
 520  0000              #line 520 "D:\WORK\Project\Github\etable\code\I2C\HT66F319_I2C_UART.c"
 520  0000  1F80     R  	set _buff_i2c_rx[0]
 521  0001              #line 521 "D:\WORK\Project\Github\etable\code\I2C\HT66F319_I2C_UART.c"
 521  0001  1F00     R  	clr _ptr_i2c_rx_buff[0]
 521  0002  0003        	ret
 521  0003              _Clear_Rx endp
 521  0003              #line 521 "D:\WORK\Project\Github\etable\code\I2C\HT66F319_I2C_UART.c"
 521  0003              #pragma debug scope 1 1
 521  0003              public _Command_Parse
 521  0003              #pragma debug scope 10 1
 145  0003              #line 145 "D:\WORK\Project\Github\etable\code\I2C\HT66F319_I2C_UART.c"
 145  0000              _Command_Parse .section 'code'
 145  0000              _Command_Parse proc
 145  0000  0005[           local _Command_Parse_2 db 5 dup(?)	; 0,5
            00
            ]
 145  0005              #pragma debug variable 8 10 _Command_Parse_2+3 "ee_addr"
 145  0005              #pragma debug variable 8 10 _Command_Parse_2+2 "ee_data"
 145  0005              #pragma debug variable 8 10 _Command_Parse_2+1 "i"
 145  0005              #pragma debug variable 8 10 _Command_Parse_2+0 "n"
 150  0005              #line 150 "D:\WORK\Project\Github\etable\code\I2C\HT66F319_I2C_UART.c"
 150  0000  0700     R  	mov a,_buff_i2c_rx[0]
 150  0001  0080     R  	mov _Command_Parse_2[4],a
 150  0002  1080     R  	sz _Command_Parse_2[4]
 150  0003  2800     R  	jmp _L31
"File: HT66F319_I2C_UART.c  Assembler  Version HGASM0202      Page 13

 150  0004              #line 150 "D:\WORK\Project\Github\etable\code\I2C\HT66F319_I2C_UART.c"
 150  0004  1080     R  	sz _ptr_i2c_rx_buff[0]
 150  0005  2800     R  	jmp _LI7
 150  0006  2800     R  	jmp _L44
 150  0007              _LI7:
 152  0007              #line 152 "D:\WORK\Project\Github\etable\code\I2C\HT66F319_I2C_UART.c"
 152  0007  0F00     R  	mov a,low offset _date_code
 152  0008  0080     E  	mov _my_strcpy1_2[2],a
 152  0009  0F00     R  	mov a,high offset _date_code
 152  000A  0080     E  	mov _my_strcpy1_2[3],a
 152  000B  0F00     R  	mov a,low offset _buff_i2c_tx
 152  000C  0080     E  	mov _my_strcpy1_2[0],a
 152  000D  0F00     R  	mov a,high offset _buff_i2c_tx
 152  000E  0080     E  	mov _my_strcpy1_2[1],a
 152  000F  0F08        	mov a,8
 152  0010  2000     E  	call _my_strcpy1
 152  0011  2800     R  	jmp _L53
 152  0012              _L31:
 155  0012              #line 155 "D:\WORK\Project\Github\etable\code\I2C\HT66F319_I2C_UART.c"
 155  0012  1700     R  	sdza _Command_Parse_2[4]
 155  0013  2800     R  	jmp _L34
 155  0014  0F03        	mov a,3
 155  0015  0200     R  	sub a,_ptr_i2c_rx_buff[0]
 155  0016  3C0A        	sz c
 155  0017  2800     R  	jmp _L44
 157  0018              #line 157 "D:\WORK\Project\Github\etable\code\I2C\HT66F319_I2C_UART.c"
 157  0018  0700     R  	mov a,_buff_i2c_rx[1]
 157  0019  0080     R  	mov _height_str[2],a
 158  001A              #line 158 "D:\WORK\Project\Github\etable\code\I2C\HT66F319_I2C_UART.c"
 158  001A  0700     R  	mov a,_buff_i2c_rx[2]
 158  001B  0080     R  	mov _height_str[1],a
 159  001C              #line 159 "D:\WORK\Project\Github\etable\code\I2C\HT66F319_I2C_UART.c"
 159  001C  0700     R  	mov a,_buff_i2c_rx[3]
 159  001D  0080     R  	mov _height_str[0],a
 159  001E  2800     R  	jmp _L53
 159  001F              _L34:
 162  001F              #line 162 "D:\WORK\Project\Github\etable\code\I2C\HT66F319_I2C_UART.c"
 162  001F  0700     R  	mov a,_Command_Parse_2[4]
 162  0020  0A02        	sub a,2
 162  0021  390A        	snz z
 162  0022  2800     R  	jmp _L35
 162  0023  0F02        	mov a,2
 162  0024  0200     R  	sub a,_ptr_i2c_rx_buff[0]
 162  0025  3C0A        	sz c
 162  0026  2800     R  	jmp _L44
 164  0027              #line 164 "D:\WORK\Project\Github\etable\code\I2C\HT66F319_I2C_UART.c"
 164  0027  0700     R  	mov a,_buff_i2c_rx[1]
 164  0028  0080     E  	mov rc,a
 164  0029  0700     R  	mov a,_buff_i2c_rx[2]
 164  002A  0080     E  	mov rb,a
 164  002B  0700     E  	mov a,rb
 164  002C  0080     R  	mov _height[0],a
 164  002D  0700     E  	mov a,rc
 164  002E  0080     R  	mov _height[1],a
 165  002F              #line 165 "D:\WORK\Project\Github\etable\code\I2C\HT66F319_I2C_UART.c"
 165  002F  0F00     R  	mov a,low offset _height_str
 165  0030  0080     E  	mov _utoa_2[2],a
 165  0031  0F00     R  	mov a,high offset _height_str
 165  0032  0080     E  	mov _utoa_2[3],a
 165  0033  0700     E  	mov a,rb
"File: HT66F319_I2C_UART.c  Assembler  Version HGASM0202      Page 14

 165  0034  0080     E  	mov _utoa_2[0],a
 165  0035  0700     E  	mov a,rc
 165  0036  0080     E  	mov _utoa_2[1],a
 165  0037  2000     E  	call _utoa
 166  0038              #line 166 "D:\WORK\Project\Github\etable\code\I2C\HT66F319_I2C_UART.c"
 166  0038  0700     R  	mov a,_height_str[2]
 166  0039  0080     R  	mov _buff_i2c_tx[0],a
 167  003A              #line 167 "D:\WORK\Project\Github\etable\code\I2C\HT66F319_I2C_UART.c"
 167  003A  0700     R  	mov a,_height_str[1]
 167  003B  0080     R  	mov _buff_i2c_tx[1],a
 168  003C              #line 168 "D:\WORK\Project\Github\etable\code\I2C\HT66F319_I2C_UART.c"
 168  003C  0700     R  	mov a,_height_str[0]
 168  003D  0080     R  	mov _buff_i2c_tx[2],a
 168  003E  2800     R  	jmp _L53
 168  003F              _L35:
 171  003F              #line 171 "D:\WORK\Project\Github\etable\code\I2C\HT66F319_I2C_UART.c"
 171  003F  0700     R  	mov a,_Command_Parse_2[4]
 171  0040  0A03        	sub a,3
 171  0041  390A        	snz z
 171  0042  2800     R  	jmp _L37
 171  0043  0F02        	mov a,2
 171  0044  0200     R  	sub a,_ptr_i2c_rx_buff[0]
 171  0045  3C0A        	sz c
 171  0046  2800     R  	jmp _L44
 174  0047              #line 174 "D:\WORK\Project\Github\etable\code\I2C\HT66F319_I2C_UART.c"
 174  0047  3400     R  	clr _b_ee_data_ready
 175  0048              #line 175 "D:\WORK\Project\Github\etable\code\I2C\HT66F319_I2C_UART.c"
 175  0048  0700     R  	mov a,_buff_i2c_rx[1]
 175  0049  0080     R  	mov _Command_Parse_2[0],a
 176  004A              #line 176 "D:\WORK\Project\Github\etable\code\I2C\HT66F319_I2C_UART.c"
 176  004A  0700     R  	mov a,_buff_i2c_rx[2]
 176  004B  0080     R  	mov _Command_Parse_2[3],a
 178  004C              #line 178 "D:\WORK\Project\Github\etable\code\I2C\HT66F319_I2C_UART.c"
 178  004C  1F00     R  	clr _Command_Parse_2[1]
 178  004D              _L39:
 178  004D  0700     R  	mov a,_Command_Parse_2[1]
 178  004E  0200     R  	sub a,_Command_Parse_2[0]
 178  004F  3C0A        	sz c
 178  0050  2800     R  	jmp _L54
 180  0051              #line 180 "D:\WORK\Project\Github\etable\code\I2C\HT66F319_I2C_UART.c"
 180  0051  0700     R  	mov a,_Command_Parse_2[1]
 180  0052  0080     R  	mov _Command_Parse_2[4],a
 180  0053  0700     R  	mov a,_Command_Parse_2[1]
 180  0054  0080     E  	mov ra,a
 180  0055  0700     E  	mov a,ra
 180  0056  2000     E  	call _EE_Read_Byte
 180  0057  0080     E  	mov ra,a
 180  0058  0F00     R  	mov a,low offset _buff_i2c_tx
 180  0059  0300     R  	add a,_Command_Parse_2[4]
 180  005A  0083        	mov mp,a
 180  005B  0F00     R  	mov a,high offset _buff_i2c_tx
 180  005C  1F01        	clr sbp
 180  005D  1381        	adcm a,sbp
 180  005E  0701        	mov a,sbp
 180  005F  0084        	mov bp,a
 180  0060  0700     E  	mov a,ra
 180  0061  0082        	mov ir,a
 178  0062              #line 178 "D:\WORK\Project\Github\etable\code\I2C\HT66F319_I2C_UART.c"
 178  0062  1480     R  	inc _Command_Parse_2[1]
 178  0063  2800     R  	jmp _L39
"File: HT66F319_I2C_UART.c  Assembler  Version HGASM0202      Page 15

 178  0064              _L54:
 182  0064              #line 182 "D:\WORK\Project\Github\etable\code\I2C\HT66F319_I2C_UART.c"
 182  0064  3000     R  	set _b_ee_data_ready
 182  0065  2800     R  	jmp _L53
 182  0066              _L37:
 186  0066              #line 186 "D:\WORK\Project\Github\etable\code\I2C\HT66F319_I2C_UART.c"
 186  0066  0700     R  	mov a,_Command_Parse_2[4]
 186  0067  0A04        	sub a,4
 186  0068  390A        	snz z
 186  0069  2800     R  	jmp _L32
 186  006A  0F02        	mov a,2
 186  006B  0200     R  	sub a,_ptr_i2c_rx_buff[0]
 186  006C  3C0A        	sz c
 186  006D  2800     R  	jmp _L44
 188  006E              #line 188 "D:\WORK\Project\Github\etable\code\I2C\HT66F319_I2C_UART.c"
 188  006E  0700     R  	mov a,_buff_i2c_rx[1]
 188  006F  0080     R  	mov _Command_Parse_2[3],a
 189  0070              #line 189 "D:\WORK\Project\Github\etable\code\I2C\HT66F319_I2C_UART.c"
 189  0070  0700     R  	mov a,_buff_i2c_rx[2]
 189  0071  0080     R  	mov _Command_Parse_2[2],a
 190  0072              #line 190 "D:\WORK\Project\Github\etable\code\I2C\HT66F319_I2C_UART.c"
 190  0072  0700     R  	mov a,_Command_Parse_2[3]
 190  0073  0080     E  	mov ra,a
 190  0074  0700     R  	mov a,_Command_Parse_2[2]
 190  0075  0080     E  	mov _EE_Write_Byte_2[0],a
 190  0076  0700     E  	mov a,ra
 190  0077  2000     E  	call _EE_Write_Byte
 190  0078  2800     R  	jmp _L53
 190  0079              _L32:
 194  0079              #line 194 "D:\WORK\Project\Github\etable\code\I2C\HT66F319_I2C_UART.c"
 194  0079  0700     R  	mov a,_Command_Parse_2[4]
 194  007A  0A05        	sub a,5
 194  007B  390A        	snz z
 194  007C  2800     R  	jmp _L42
 194  007D  0700     R  	mov a,_buff_i2c_rx[1]
 194  007E  0080     E  	mov ra,a
 194  007F  0700     R  	mov a,_ptr_i2c_rx_buff[0]
 194  0080  0080     E  	mov rd,a
 194  0081  1F00     E  	clr re
 194  0082  0F03        	mov a,3
 194  0083  0300     E  	add a,ra
 194  0084  0080     E  	mov rb,a
 194  0085  0F00        	mov a,0
 194  0086  1F00     E  	clr rc
 194  0087  1380     E  	adcm a,rc
 194  0088  0700     E  	mov a,rd
 194  0089  0200     E  	sub a,rb
 194  008A  0700     E  	mov a,re
 194  008B  1200     E  	sbc a,rc
 194  008C  1185        	swap acc
 194  008D  040A        	xor a,status
 194  008E  3D85        	sz acc.3
 194  008F  2800     R  	jmp _L44
 196  0090              #line 196 "D:\WORK\Project\Github\etable\code\I2C\HT66F319_I2C_UART.c"
 196  0090  0700     E  	mov a,ra
 196  0091  0080     R  	mov _Command_Parse_2[0],a
 197  0092              #line 197 "D:\WORK\Project\Github\etable\code\I2C\HT66F319_I2C_UART.c"
 197  0092  0700     R  	mov a,_buff_i2c_rx[2]
 197  0093  0080     R  	mov _Command_Parse_2[3],a
 198  0094              #line 198 "D:\WORK\Project\Github\etable\code\I2C\HT66F319_I2C_UART.c"
"File: HT66F319_I2C_UART.c  Assembler  Version HGASM0202      Page 16

 198  0094  0700     R  	mov a,_Command_Parse_2[3]
 198  0095  0080     E  	mov _EE_Write_2[0],a
 198  0096  0700     R  	mov a,_Command_Parse_2[0]
 198  0097  0080     E  	mov ra,a
 198  0098  0F00     R  	mov a,low (offset _buff_i2c_rx+3)
 198  0099  0080     E  	mov _EE_Write_2[1],a
 198  009A  0F00     R  	mov a,high (offset _buff_i2c_rx+3)
 198  009B  0080     E  	mov _EE_Write_2[2],a
 198  009C  0700     E  	mov a,ra
 198  009D  2000     E  	call _EE_Write
 198  009E  2800     R  	jmp _L53
 198  009F              _L42:
 202  009F              #line 202 "D:\WORK\Project\Github\etable\code\I2C\HT66F319_I2C_UART.c"
 202  009F  0700     R  	mov a,_Command_Parse_2[4]
 202  00A0  0A06        	sub a,6
 202  00A1  390A        	snz z
 202  00A2  2800     R  	jmp _L36
 202  00A3  1080     R  	sz _ptr_i2c_rx_buff[0]
 202  00A4  2800     R  	jmp _LI8
 202  00A5  2800     R  	jmp _L44
 202  00A6              _LI8:
 204  00A6              #line 204 "D:\WORK\Project\Github\etable\code\I2C\HT66F319_I2C_UART.c"
 204  00A6  0700     R  	mov a,_key_stat[0]
 204  00A7  0080     R  	mov _buff_i2c_tx[0],a
 204  00A8  2800     R  	jmp _L53
 204  00A9              _L36:
 207  00A9              #line 207 "D:\WORK\Project\Github\etable\code\I2C\HT66F319_I2C_UART.c"
 207  00A9  0700     R  	mov a,_Command_Parse_2[4]
 207  00AA  0A20        	sub a,32
 207  00AB  390A        	snz z
 207  00AC  2800     R  	jmp _L38
 207  00AD  0F01        	mov a,1
 207  00AE  0200     R  	sub a,_ptr_i2c_rx_buff[0]
 207  00AF  3C0A        	sz c
 207  00B0  2800     R  	jmp _L44
 209  00B1              #line 209 "D:\WORK\Project\Github\etable\code\I2C\HT66F319_I2C_UART.c"
 209  00B1  0700     R  	mov a,_buff_i2c_rx[1]
 209  00B2  2000     R  	call _Led_Current_Set
 209  00B3  2800     R  	jmp _L53
 209  00B4              _L38:
 212  00B4              #line 212 "D:\WORK\Project\Github\etable\code\I2C\HT66F319_I2C_UART.c"
 212  00B4  0700     R  	mov a,_Command_Parse_2[4]
 212  00B5  0A21        	sub a,33
 212  00B6  390A        	snz z
 212  00B7  2800     R  	jmp _L41
 212  00B8  0F04        	mov a,4
 212  00B9  0200     R  	sub a,_ptr_i2c_rx_buff[0]
 212  00BA  3C0A        	sz c
 212  00BB  2800     R  	jmp _L44
 214  00BC              #line 214 "D:\WORK\Project\Github\etable\code\I2C\HT66F319_I2C_UART.c"
 214  00BC  0700     R  	mov a,_buff_i2c_rx[1]
 214  00BD  0080     R  	mov _led_duty[1],a
 214  00BE  0700     R  	mov a,_buff_i2c_rx[2]
 214  00BF  0080     R  	mov _led_duty[0],a
 215  00C0              #line 215 "D:\WORK\Project\Github\etable\code\I2C\HT66F319_I2C_UART.c"
 215  00C0  0700     R  	mov a,_buff_i2c_rx[3]
 215  00C1  0080     R  	mov _led_period[1],a
 215  00C2  0700     R  	mov a,_buff_i2c_rx[4]
 215  00C3  0080     R  	mov _led_period[0],a
 215  00C4  2800     R  	jmp _L53
"File: HT66F319_I2C_UART.c  Assembler  Version HGASM0202      Page 17

 215  00C5              _L41:
 218  00C5              #line 218 "D:\WORK\Project\Github\etable\code\I2C\HT66F319_I2C_UART.c"
 218  00C5  0700     R  	mov a,_Command_Parse_2[4]
 218  00C6  0A10        	sub a,16
 218  00C7  390A        	snz z
 218  00C8  2800     R  	jmp _L43
 218  00C9  0F02        	mov a,2
 218  00CA  0200     R  	sub a,_ptr_i2c_rx_buff[0]
 218  00CB  3C0A        	sz c
 218  00CC  2800     R  	jmp _L44
 220  00CD              #line 220 "D:\WORK\Project\Github\etable\code\I2C\HT66F319_I2C_UART.c"
 220  00CD  0700     R  	mov a,_buff_i2c_rx[1]
 220  00CE  0080     R  	mov _Command_Parse_2[0],a
 221  00CF              #line 221 "D:\WORK\Project\Github\etable\code\I2C\HT66F319_I2C_UART.c"
 221  00CF  0700     R  	mov a,_buff_i2c_rx[2]
 221  00D0  0080     R  	mov _Command_Parse_2[3],a
 225  00D1              #line 225 "D:\WORK\Project\Github\etable\code\I2C\HT66F319_I2C_UART.c"
 225  00D1  1F00     R  	clr _Command_Parse_2[1]
 225  00D2              _L45:
 225  00D2  0700     R  	mov a,_Command_Parse_2[1]
 225  00D3  0200     R  	sub a,_Command_Parse_2[0]
 225  00D4  3C0A        	sz c
 225  00D5  2800     R  	jmp _L53
 227  00D6              #line 227 "D:\WORK\Project\Github\etable\code\I2C\HT66F319_I2C_UART.c"
 227  00D6  0700     R  	mov a,_Command_Parse_2[3]
 227  00D7  0080     E  	mov rb,a
 227  00D8  1F00     E  	clr rc
 227  00D9  0700     R  	mov a,_Command_Parse_2[1]
 227  00DA  0380     E  	addm a,rb
 227  00DB  3C0A        	sz c
 227  00DC  1480     E  	inc rc
 227  00DD  0F00     R  	mov a,low offset _buff_test
 227  00DE  0300     E  	add a,rb
 227  00DF  0083        	mov mp,a
 227  00E0  0F00     R  	mov a,high offset _buff_test
 227  00E1  1300     E  	adc a,rc
 227  00E2  0081        	mov sbp,a
 227  00E3  2000     E  	call _Crom2Prom
 227  00E4  0080     E  	mov ra,a
 227  00E5  0F00     R  	mov a,low offset _buff_i2c_tx
 227  00E6  0300     R  	add a,_Command_Parse_2[1]
 227  00E7  0083        	mov mp,a
 227  00E8  0F00     R  	mov a,high offset _buff_i2c_tx
 227  00E9  1F01        	clr sbp
 227  00EA  1381        	adcm a,sbp
 227  00EB  0701        	mov a,sbp
 227  00EC  0084        	mov bp,a
 227  00ED  0700     E  	mov a,ra
 227  00EE  0082        	mov ir,a
 225  00EF              #line 225 "D:\WORK\Project\Github\etable\code\I2C\HT66F319_I2C_UART.c"
 225  00EF  1480     R  	inc _Command_Parse_2[1]
 225  00F0  2800     R  	jmp _L45
 225  00F1              _L43:
 232  00F1              #line 232 "D:\WORK\Project\Github\etable\code\I2C\HT66F319_I2C_UART.c"
 232  00F1  0700     R  	mov a,_Command_Parse_2[4]
 232  00F2  0A11        	sub a,17
 232  00F3  390A        	snz z
 232  00F4  2800     R  	jmp _L44
 232  00F5  0F02        	mov a,2
 232  00F6  0200     R  	sub a,_ptr_i2c_rx_buff[0]
"File: HT66F319_I2C_UART.c  Assembler  Version HGASM0202      Page 18

 232  00F7  3C0A        	sz c
 232  00F8  2800     R  	jmp _L44
 234  00F9              #line 234 "D:\WORK\Project\Github\etable\code\I2C\HT66F319_I2C_UART.c"
 234  00F9  0700     R  	mov a,_buff_i2c_rx[1]
 234  00FA  0080     R  	mov _Command_Parse_2[3],a
 235  00FB              #line 235 "D:\WORK\Project\Github\etable\code\I2C\HT66F319_I2C_UART.c"
 235  00FB  0700     R  	mov a,_buff_i2c_rx[2]
 235  00FC  0080     R  	mov _Command_Parse_2[2],a
 236  00FD              #line 236 "D:\WORK\Project\Github\etable\code\I2C\HT66F319_I2C_UART.c"
 236  00FD  0F00     R  	mov a,low offset _buff_test
 236  00FE  0300     R  	add a,_Command_Parse_2[3]
 236  00FF  0083        	mov mp,a
 236  0100  0F00     R  	mov a,high offset _buff_test
 236  0101  1F01        	clr sbp
 236  0102  1381        	adcm a,sbp
 236  0103  0701        	mov a,sbp
 236  0104  0084        	mov bp,a
 236  0105  0700     R  	mov a,_Command_Parse_2[2]
 236  0106  0082        	mov ir,a
 236  0107              _L53:
 238  0107              #line 238 "D:\WORK\Project\Github\etable\code\I2C\HT66F319_I2C_UART.c"
 238  0107  2000     R  	call _Clear_Rx
 238  0108  2800     R  	jmp _L30
 238  0109              _L44:
 254  0109              #line 254 "D:\WORK\Project\Github\etable\code\I2C\HT66F319_I2C_UART.c"
 254  0109              ;# 254 "D:\WORK\Project\Github\etable\code\I2C\HT66F319_I2C_UART.c" 1
 254  0109  0001        	clr wdt
 254  010A              _L30:
 254  010A  0003        	ret
 254  010B              _Command_Parse endp
 254  010B              #line 254 "D:\WORK\Project\Github\etable\code\I2C\HT66F319_I2C_UART.c"
 254  010B              #pragma debug scope 1 1
 254  010B              ___intc0 equ [14]
 254  010B              public _main
 254  010B              #pragma debug scope 11 1
  84  010B              #line 84 "D:\WORK\Project\Github\etable\code\I2C\HT66F319_I2C_UART.c"
  84  010B              IFDEF WITH_DEFAULT_STARTUP
  84  010B              extern _main_initial0:near
  84  010B              extern _main_startup:near
  84  010B              ENDIF
  84  010B              
  84  010B              ROMBANK 0 @start
  84  0000              @start .section com_l 'code'
  84  0000              _main_startup1:
  84  0000              @start .section com_e 'code'
  84  0000  2800     R  	jmp _main
  84  0001              
  84  0000              _main .section 'code'
  84  0000              _main proc
  88  0000              #line 88 "D:\WORK\Project\Github\etable\code\I2C\HT66F319_I2C_UART.c"
  88  0000  2000     R  	call _Init_Vars
  89  0001              #line 89 "D:\WORK\Project\Github\etable\code\I2C\HT66F319_I2C_UART.c"
  89  0001  2000     R  	call _Init_System
 109  0002              #line 109 "D:\WORK\Project\Github\etable\code\I2C\HT66F319_I2C_UART.c"
 109  0002  300E        	set [14].0
 109  0003              _L56:
 113  0003              #line 113 "D:\WORK\Project\Github\etable\code\I2C\HT66F319_I2C_UART.c"
 113  0003              ;# 113 "D:\WORK\Project\Github\etable\code\I2C\HT66F319_I2C_UART.c" 1
 113  0003  0001        	clr wdt
 114  0004              #line 114 "D:\WORK\Project\Github\etable\code\I2C\HT66F319_I2C_UART.c"
"File: HT66F319_I2C_UART.c  Assembler  Version HGASM0202      Page 19

 114  0004  2000     R  	call _Command_Parse
 114  0005  2800     R  	jmp _L56
 114  0006  2800     R  	jmp $
 114  0007              _main endp
 114  0007              
 114  0007              @dummy endp
 114  0007              
 114  0007              #line 114 "D:\WORK\Project\Github\etable\code\I2C\HT66F319_I2C_UART.c"
 114  0007              #pragma debug scope 1 1
 114  0007              public _Int_Tb0
 114  0007              #pragma debug scope 12 1
 528  0007              #line 528 "D:\WORK\Project\Github\etable\code\I2C\HT66F319_I2C_UART.c"
 528  0000              @Int_Tb0_code .section at 28 'code'
 528  0000  0080     E  	mov r1,a
 528  0001  0704        	mov a,bp
 528  0002  0080     E  	mov r2,a
 528  0003  2800     R  	jmp _Int_Tb0
 528  0004              #pragma debug scope 1 1
 528  0004              @dummy28 endp
 528  0004              #pragma debug scope 13 1
 528  0000              _Int_Tb0 .section 'code'
 528  0000              _Int_Tb0 proc
 528  0000  070A        	mov a,status
 528  0001  0080     E  	mov r3,a
 528  0002  0703        	mov a,mp
 528  0003  0080     E  	mov r4,a
 528  0004  0701        	mov a,sbp
 528  0005  0080     E  	mov r5,a
 528  0006  0707        	mov a,tblp
 528  0007  0080     E  	mov r6,a
 528  0008  0709        	mov a,tbhp
 528  0009  0080     E  	mov r7,a
 530  000A              #line 530 "D:\WORK\Project\Github\etable\code\I2C\HT66F319_I2C_UART.c"
 530  000A              ;# 530 "D:\WORK\Project\Github\etable\code\I2C\HT66F319_I2C_UART.c" 1
 530  000A  0001        	clr wdt
 531  000B              #line 531 "D:\WORK\Project\Github\etable\code\I2C\HT66F319_I2C_UART.c"
 531  000B  2000     R  	call _Led_Scan
 532  000C              #line 532 "D:\WORK\Project\Github\etable\code\I2C\HT66F319_I2C_UART.c"
 532  000C  378F        	clr [15].7
 532  000D  0700     E  	mov a,r2
 532  000E  0084        	mov bp,a
 532  000F  0700     E  	mov a,r3
 532  0010  008A        	mov status,a
 532  0011  0700     E  	mov a,r4
 532  0012  0083        	mov mp,a
 532  0013  0700     E  	mov a,r5
 532  0014  0081        	mov sbp,a
 532  0015  0700     E  	mov a,r6
 532  0016  0087        	mov tblp,a
 532  0017  0700     E  	mov a,r7
 532  0018  0089        	mov tbhp,a
 532  0019  1D05        	tabrdc acc
 532  001A  0700     E  	mov a,r1
 532  001B  0004        	reti
 532  001C              _Int_Tb0 endp
 532  001C              
 532  001C              #line 532 "D:\WORK\Project\Github\etable\code\I2C\HT66F319_I2C_UART.c"
 532  001C              #pragma debug scope 1 1
 532  001C              public _Int_Tb1
 532  001C              #pragma debug scope 14 1
"File: HT66F319_I2C_UART.c  Assembler  Version HGASM0202      Page 20

 536  001C              #line 536 "D:\WORK\Project\Github\etable\code\I2C\HT66F319_I2C_UART.c"
 536  0000              @Int_Tb1_code .section at 32 'code'
 536  0000  0080     E  	mov r1,a
 536  0001  0704        	mov a,bp
 536  0002  0080     E  	mov r2,a
 536  0003  2800     R  	jmp _Int_Tb1
 536  0004              #pragma debug scope 1 1
 536  0004              @dummy32 endp
 536  0004              #pragma debug scope 15 1
 536  0000              _Int_Tb1 .section 'code'
 536  0000              _Int_Tb1 proc
 536  0000  070A        	mov a,status
 536  0001  0080     E  	mov r3,a
 536  0002  0703        	mov a,mp
 536  0003  0080     E  	mov r4,a
 536  0004  0701        	mov a,sbp
 536  0005  0080     E  	mov r5,a
 536  0006  0707        	mov a,tblp
 536  0007  0080     E  	mov r6,a
 536  0008  0709        	mov a,tbhp
 536  0009  0080     E  	mov r7,a
 538  000A              #line 538 "D:\WORK\Project\Github\etable\code\I2C\HT66F319_I2C_UART.c"
 538  000A              ;# 538 "D:\WORK\Project\Github\etable\code\I2C\HT66F319_I2C_UART.c" 1
 538  000A  0001        	clr wdt
 540  000B              #line 540 "D:\WORK\Project\Github\etable\code\I2C\HT66F319_I2C_UART.c"
 540  000B  2000     R  	call _Key_Scan
 540  000C  0080     E  	mov ra,a
 540  000D  0700     E  	mov a,ra
 540  000E  0080     R  	mov _key_stat[0],a
 542  000F              #line 542 "D:\WORK\Project\Github\etable\code\I2C\HT66F319_I2C_UART.c"
 542  000F  0700     R  	mov a,___cnt_1878[0]
 542  0010  0080     E  	mov ra,a
 542  0011  0F0A        	mov a,10
 542  0012  0200     E  	sub a,ra
 542  0013  380A        	snz c
 542  0014  2800     R  	jmp _L59
 542  0015              #line 542 "D:\WORK\Project\Github\etable\code\I2C\HT66F319_I2C_UART.c"
 542  0015  1400     E  	inca ra
 542  0016  0080     R  	mov ___cnt_1878[0],a
 542  0017  2800     R  	jmp _L60
 542  0018              _L59:
 544  0018              #line 544 "D:\WORK\Project\Github\etable\code\I2C\HT66F319_I2C_UART.c"
 544  0018  1F00     R  	clr ___cnt_1878[0]
 546  0019              #line 546 "D:\WORK\Project\Github\etable\code\I2C\HT66F319_I2C_UART.c"
 546  0019  3B14        	snz [20].6
 546  001A  2800     R  	jmp _L61
 547  001B              #line 547 "D:\WORK\Project\Github\etable\code\I2C\HT66F319_I2C_UART.c"
 547  001B  3714        	clr [20].6
 547  001C  2800     R  	jmp _L60
 547  001D              _L61:
 549  001D              #line 549 "D:\WORK\Project\Github\etable\code\I2C\HT66F319_I2C_UART.c"
 549  001D  3314        	set [20].6
 549  001E              _L60:
 552  001E              #line 552 "D:\WORK\Project\Github\etable\code\I2C\HT66F319_I2C_UART.c"
 552  001E  3610        	clr [16].4
 552  001F  0700     E  	mov a,r2
 552  0020  0084        	mov bp,a
 552  0021  0700     E  	mov a,r3
 552  0022  008A        	mov status,a
 552  0023  0700     E  	mov a,r4
"File: HT66F319_I2C_UART.c  Assembler  Version HGASM0202      Page 21

 552  0024  0083        	mov mp,a
 552  0025  0700     E  	mov a,r5
 552  0026  0081        	mov sbp,a
 552  0027  0700     E  	mov a,r6
 552  0028  0087        	mov tblp,a
 552  0029  0700     E  	mov a,r7
 552  002A  0089        	mov tbhp,a
 552  002B  1D05        	tabrdc acc
 552  002C  0700     E  	mov a,r1
 552  002D  0004        	reti
 552  002E              _Int_Tb1 endp
 552  002E              
 552  002E              #line 552 "D:\WORK\Project\Github\etable\code\I2C\HT66F319_I2C_UART.c"
 552  002E              #pragma debug scope 1 1
 552  002E              public _Int_UART
 552  002E              #pragma debug scope 16 1
 556  002E              #line 556 "D:\WORK\Project\Github\etable\code\I2C\HT66F319_I2C_UART.c"
 556  0000              @Int_UART_code .section at 44 'code'
 556  0000  0080     E  	mov r1,a
 556  0001  070A        	mov a,status
 556  0002  0080     E  	mov r2,a
 556  0003  2800     R  	jmp _Int_UART
 556  0004              #pragma debug scope 1 1
 556  0004              @dummy44 endp
 556  0004              #pragma debug scope 17 1
 556  0000              _Int_UART .section 'code'
 556  0000              _Int_UART proc
 559  0000              #line 559 "D:\WORK\Project\Github\etable\code\I2C\HT66F319_I2C_UART.c"
 559  0000              ;# 559 "D:\WORK\Project\Github\etable\code\I2C\HT66F319_I2C_UART.c" 1
 559  0000  0001        	clr wdt
 587  0001              #line 587 "D:\WORK\Project\Github\etable\code\I2C\HT66F319_I2C_UART.c"
 587  0001  3790        	clr [16].7
 587  0002  0700     E  	mov a,r2
 587  0003  008A        	mov status,a
 587  0004  0700     E  	mov a,r1
 587  0005  0004        	reti
 587  0006              _Int_UART endp
 587  0006              
 587  0006              #line 587 "D:\WORK\Project\Github\etable\code\I2C\HT66F319_I2C_UART.c"
 587  0006              #pragma debug scope 1 1
 587  0006              ___i2ctoc equ [77]
 587  0006              ___iicc1 equ [74]
 587  0006              ___iicd equ [75]
 587  0006              public _Int_I2C
 587  0006              #pragma debug scope 18 1
 657  0006              #line 657 "D:\WORK\Project\Github\etable\code\I2C\HT66F319_I2C_UART.c"
 657  0000              @Int_I2C_code .section at 40 'code'
 657  0000  0080     E  	mov r1,a
 657  0001  0704        	mov a,bp
 657  0002  0080     E  	mov r2,a
 657  0003  2800     R  	jmp _Int_I2C
 657  0004              #pragma debug scope 1 1
 657  0004              @dummy40 endp
 657  0004              #pragma debug scope 19 1
 657  0000              _Int_I2C .section 'code'
 657  0000              _Int_I2C proc
 657  0000  00          local _Int_I2C_2 db 1 dup(?)
 657  0000  070A        	mov a,status
 657  0001  0080     E  	mov r3,a
 657  0002  0703        	mov a,mp
"File: HT66F319_I2C_UART.c  Assembler  Version HGASM0202      Page 22

 657  0003  0080     E  	mov r4,a
 657  0004  0701        	mov a,sbp
 657  0005  0080     E  	mov r5,a
 657  0006  0707        	mov a,tblp
 657  0007  0080     E  	mov r6,a
 657  0008  0709        	mov a,tbhp
 657  0009  0080     E  	mov r7,a
 657  000A              #pragma debug variable 8 19 _Int_I2C_2+0 "u8temp"
 661  000A              #line 661 "D:\WORK\Project\Github\etable\code\I2C\HT66F319_I2C_UART.c"
 661  000A              ;# 661 "D:\WORK\Project\Github\etable\code\I2C\HT66F319_I2C_UART.c" 1
 661  000A  0001        	clr wdt
 662  000B              #line 662 "D:\WORK\Project\Github\etable\code\I2C\HT66F319_I2C_UART.c"
 662  000B  3B4D        	snz [77].6
 662  000C  2800     R  	jmp _L64
 664  000D              #line 664 "D:\WORK\Project\Github\etable\code\I2C\HT66F319_I2C_UART.c"
 664  000D  33CD        	set [77].7
 665  000E              #line 665 "D:\WORK\Project\Github\etable\code\I2C\HT66F319_I2C_UART.c"
 665  000E  374D        	clr [77].6
 665  000F  2800     R  	jmp _L65
 665  0010              _L64:
 669  0010              #line 669 "D:\WORK\Project\Github\etable\code\I2C\HT66F319_I2C_UART.c"
 669  0010  3B4A        	snz [74].6
 669  0011  2800     R  	jmp _L66
 673  0012              #line 673 "D:\WORK\Project\Github\etable\code\I2C\HT66F319_I2C_UART.c"
 673  0012  394A        	snz [74].2
 673  0013  2800     R  	jmp _L67
 675  0014              #line 675 "D:\WORK\Project\Github\etable\code\I2C\HT66F319_I2C_UART.c"
 675  0014  324A        	set [74].4
 676  0015              #line 676 "D:\WORK\Project\Github\etable\code\I2C\HT66F319_I2C_UART.c"
 676  0015  1F00     R  	clr _ptr_i2c_tx_buff[0]
 676  0016  2800     R  	jmp _L70
 676  0017              _L67:
 682  0017              #line 682 "D:\WORK\Project\Github\etable\code\I2C\HT66F319_I2C_UART.c"
 682  0017  364A        	clr [74].4
 683  0018              #line 683 "D:\WORK\Project\Github\etable\code\I2C\HT66F319_I2C_UART.c"
 683  0018  35CA        	clr [74].3
 684  0019              #line 684 "D:\WORK\Project\Github\etable\code\I2C\HT66F319_I2C_UART.c"
 684  0019  1F00     R  	clr _ptr_i2c_rx_buff[0]
 684  001A  2800     R  	jmp _L71
 684  001B              _L66:
 690  001B              #line 690 "D:\WORK\Project\Github\etable\code\I2C\HT66F319_I2C_UART.c"
 690  001B  3E4A        	sz [74].4
 690  001C  2800     R  	jmp _L68
 693  001D              #line 693 "D:\WORK\Project\Github\etable\code\I2C\HT66F319_I2C_UART.c"
 693  001D  0F0F        	mov a,15
 693  001E  0200     R  	sub a,_ptr_i2c_rx_buff[0]
 693  001F  380A        	snz c
 693  0020  2800     R  	jmp _L65
 695  0021              #line 695 "D:\WORK\Project\Github\etable\code\I2C\HT66F319_I2C_UART.c"
 695  0021  0700     R  	mov a,_ptr_i2c_rx_buff[0]
 695  0022  0080     E  	mov ra,a
 695  0023  1400     E  	inca ra
 695  0024  0080     R  	mov _ptr_i2c_rx_buff[0],a
 695  0025  0F00     R  	mov a,low offset _buff_i2c_rx
 695  0026  0300     E  	add a,ra
 695  0027  0083        	mov mp,a
 695  0028  0F00     R  	mov a,high offset _buff_i2c_rx
 695  0029  1F01        	clr sbp
 695  002A  1381        	adcm a,sbp
 695  002B  0701        	mov a,sbp
"File: HT66F319_I2C_UART.c  Assembler  Version HGASM0202      Page 23

 695  002C  0084        	mov bp,a
 695  002D  074B        	mov a,[75]
 695  002E  0082        	mov ir,a
 695  002F  2800     R  	jmp _L65
 695  0030              _L68:
 703  0030              #line 703 "D:\WORK\Project\Github\etable\code\I2C\HT66F319_I2C_UART.c"
 703  0030  3C4A        	sz [74].0
 703  0031  2800     R  	jmp _L69
 703  0032              _L70:
 705  0032              #line 705 "D:\WORK\Project\Github\etable\code\I2C\HT66F319_I2C_UART.c"
 705  0032  0700     R  	mov a,_ptr_i2c_tx_buff[0]
 705  0033  0080     E  	mov ra,a
 705  0034  1400     E  	inca ra
 705  0035  0080     R  	mov _ptr_i2c_tx_buff[0],a
 705  0036  0F00     R  	mov a,low offset _buff_i2c_tx
 705  0037  0300     E  	add a,ra
 705  0038  0083        	mov mp,a
 705  0039  0F00     R  	mov a,high offset _buff_i2c_tx
 705  003A  1F01        	clr sbp
 705  003B  1381        	adcm a,sbp
 705  003C  2000     E  	call _Crom2Prom
 705  003D  00CB        	mov [75],a
 705  003E  2800     R  	jmp _L65
 705  003F              _L69:
 710  003F              #line 710 "D:\WORK\Project\Github\etable\code\I2C\HT66F319_I2C_UART.c"
 710  003F  364A        	clr [74].4
 711  0040              #line 711 "D:\WORK\Project\Github\etable\code\I2C\HT66F319_I2C_UART.c"
 711  0040  35CA        	clr [74].3
 711  0041              _L71:
 712  0041              #line 712 "D:\WORK\Project\Github\etable\code\I2C\HT66F319_I2C_UART.c"
 712  0041  074B        	mov a,[75]
 712  0042  0080     R  	mov _Int_I2C_2[0],a
 712  0043              _L65:
 718  0043              #line 718 "D:\WORK\Project\Github\etable\code\I2C\HT66F319_I2C_UART.c"
 718  0043  3710        	clr [16].6
 718  0044  0700     E  	mov a,r2
 718  0045  0084        	mov bp,a
 718  0046  0700     E  	mov a,r3
 718  0047  008A        	mov status,a
 718  0048  0700     E  	mov a,r4
 718  0049  0083        	mov mp,a
 718  004A  0700     E  	mov a,r5
 718  004B  0081        	mov sbp,a
 718  004C  0700     E  	mov a,r6
 718  004D  0087        	mov tblp,a
 718  004E  0700     E  	mov a,r7
 718  004F  0089        	mov tbhp,a
 718  0050  1D05        	tabrdc acc
 718  0051  0700     E  	mov a,r1
 718  0052  0004        	reti
 718  0053              _Int_I2C endp
 718  0053              
 718  0053              #line 718 "D:\WORK\Project\Github\etable\code\I2C\HT66F319_I2C_UART.c"
 718  0053              #pragma debug scope 1 1
 718  0053              ___lvrc equ [29]
 718  0053              public _Power_On_Reset
 718  0053              #pragma debug scope 20 1
 722  0053              #line 722 "D:\WORK\Project\Github\etable\code\I2C\HT66F319_I2C_UART.c"
 722  0000              _Power_On_Reset .section 'code'
 722  0000              _Power_On_Reset proc
"File: HT66F319_I2C_UART.c  Assembler  Version HGASM0202      Page 24

 723  0000              #line 723 "D:\WORK\Project\Github\etable\code\I2C\HT66F319_I2C_UART.c"
 723  0000  1F1D        	clr [29]
 723  0001  0003        	ret
 723  0002              _Power_On_Reset endp
 723  0002              #line 723 "D:\WORK\Project\Github\etable\code\I2C\HT66F319_I2C_UART.c"
 723  0002              #pragma debug scope 1 1
 723  0000              @HCCINIT0	.section	'data'
 723  0000              ___cnt_1878	db 0
 723  0001              #pragma debug variable 8 15 ___cnt_1878 "cnt"
 723  0001              
 723  0000              @HCCINIT .section 'data'
 723  0001              @HCCINIT0	.section	'data'
 723  0001  0004[       ___led_tmr_1865	db 4 dup(0)
            00
            ]
 723  0005              #pragma debug variable 14 7 ___led_tmr_1865 "led_tmr"
 723  0005              
 723  0000              @HCCINIT .section 'data'
 723  0000              public _b_ee_data_ready
 723  0000              @HCCINIT	.section 'data'
  66  0000              #line 66 "D:\WORK\Project\Github\etable\code\I2C\HT66F319_I2C_UART.c"
  66  0000              @BITDATASEC .section 'data'
  66  0000  00          _b_ee_data_ready	dbit 0
  66  0001              #pragma debug variable 2 1 _b_ee_data_ready "b_ee_data_ready"
  66  0001              public _ptr_i2c_tx_buff
  64  0001              #line 64 "D:\WORK\Project\Github\etable\code\I2C\HT66F319_I2C_UART.c"
  64  0000              @HCCINIT .section 'data'
  64  0000              _ptr_i2c_tx_buff label byte
  64  0000              #pragma debug variable 8 1 _ptr_i2c_tx_buff "ptr_i2c_tx_buff"
  64  0000              	db 0
  64  0000              @ROMDATA_BASE .section inpage 'code'
  64  0000              	db 0
  64  0001              @HCCINIT .section 'data'
  64  0001              public _ptr_i2c_rx_buff
  64  0001              #line 64 "D:\WORK\Project\Github\etable\code\I2C\HT66F319_I2C_UART.c"
  64  0001              @HCCINIT .section 'data'
  64  0001              _ptr_i2c_rx_buff label byte
  64  0001              #pragma debug variable 8 1 _ptr_i2c_rx_buff "ptr_i2c_rx_buff"
  64  0001              	db 0
  64  0001              @ROMDATA_BASE .section inpage 'code'
  64  0001              	db 0
  64  0002              @HCCINIT .section 'data'
  63  0002              #line 63 "D:\WORK\Project\Github\etable\code\I2C\HT66F319_I2C_UART.c"
  63  0002              public _buff_test
  63  0005              @HCCINIT0 .section 'data'
  63  0005  0008[       _buff_test	db 8 dup(0)
            00
            ]
  63  000D              #pragma debug array 42 8 8 1
  63  000D              #pragma debug array 42 8 8 1
  63  000D              #pragma debug variable 42 1 _buff_test "buff_test"
  63  000D              
  63  0002              @HCCINIT .section 'data'
  63  0002              #line 63 "D:\WORK\Project\Github\etable\code\I2C\HT66F319_I2C_UART.c"
  63  0002              public _buff_i2c_tx
  63  000D              @HCCINIT0 .section 'data'
  63  000D  0013[       _buff_i2c_tx	db 19 dup(0)
            00
            ]
  63  0020              #pragma debug array 43 8 19 1
"File: HT66F319_I2C_UART.c  Assembler  Version HGASM0202      Page 25

  63  0020              #pragma debug array 43 8 19 1
  63  0020              #pragma debug variable 43 1 _buff_i2c_tx "buff_i2c_tx"
  63  0020              
  63  0002              @HCCINIT .section 'data'
  63  0002              #line 63 "D:\WORK\Project\Github\etable\code\I2C\HT66F319_I2C_UART.c"
  63  0002              public _buff_i2c_rx
  63  0020              @HCCINIT0 .section 'data'
  63  0020  0010[       _buff_i2c_rx	db 16 dup(0)
            00
            ]
  63  0030              #pragma debug array 44 8 16 1
  63  0030              #pragma debug array 44 8 16 1
  63  0030              #pragma debug variable 44 1 _buff_i2c_rx "buff_i2c_rx"
  63  0030              
  63  0002              @HCCINIT .section 'data'
  63  0002              public _key_stat
  61  0002              #line 61 "D:\WORK\Project\Github\etable\code\I2C\HT66F319_I2C_UART.c"
  61  0002              @HCCINIT .section 'data'
  61  0002              _key_stat label byte
  61  0002              #pragma debug variable 8 1 _key_stat "key_stat"
  61  0002              	db 0
  61  0001              @ROMDATA_BASE .section inpage 'code'
  61  0001              	db 0
  61  0003              @HCCINIT .section 'data'
  61  0003              public _height_str
  59  0003              #line 59 "D:\WORK\Project\Github\etable\code\I2C\HT66F319_I2C_UART.c"
  59  0003              @HCCINIT .section 'data'
  59  0003              _height_str label byte
  59  0003              #pragma debug array 45 8 3 1
  59  0003              #pragma debug array 45 8 3 1
  59  0003              #pragma debug variable 45 1 _height_str "height_str"
  59  0003              	db 046h,046h,046h
  59  0002              @ROMDATA_BASE .section inpage 'code'
  59  0002              	db 046h
  59  0002              	db 046h
  59  0003              	db 046h
  59  0006              @HCCINIT	.section 'data'
  59  0006              public _height
  58  0006              #line 58 "D:\WORK\Project\Github\etable\code\I2C\HT66F319_I2C_UART.c"
  58  0006              @HCCINIT .section 'data'
  58  0006              _height label byte
  58  0006              #pragma debug variable 10 1 _height "height"
  58  0006              	db 0
  58  0003              @ROMDATA_BASE .section inpage 'code'
  58  0003              	db 0
  58  0007              @HCCINIT .section 'data'
  58  0007              	db 0
  58  0004              @ROMDATA_BASE .section inpage 'code'
  58  0004              	db 0
  58  0008              @HCCINIT .section 'data'
  58  0008              public _led_duty
  56  0008              #line 56 "D:\WORK\Project\Github\etable\code\I2C\HT66F319_I2C_UART.c"
  56  0008              @HCCINIT .section 'data'
  56  0008              _led_duty label byte
  56  0008              #pragma debug variable 10 1 _led_duty "led_duty"
  56  0008              	dw 900
  56  0004              @ROMDATA_BASE .section inpage 'code'
  56  0004  0384        	dc 900
  56  000A              @HCCINIT .section 'data'
  56  000A              public _led_period
"File: HT66F319_I2C_UART.c  Assembler  Version HGASM0202      Page 26

  56  000A              #line 56 "D:\WORK\Project\Github\etable\code\I2C\HT66F319_I2C_UART.c"
  56  000A              @HCCINIT .section 'data'
  56  000A              _led_period label byte
  56  000A              #pragma debug variable 10 1 _led_period "led_period"
  56  000A              	dw 900
  56  0005              @ROMDATA_BASE .section inpage 'code'
  56  0005  0384        	dc 900
  56  000C              @HCCINIT .section 'data'
  56  000C              public _com
  55  000C              #line 55 "D:\WORK\Project\Github\etable\code\I2C\HT66F319_I2C_UART.c"
  55  000C              @HCCINIT .section 'data'
  55  000C              _com label byte
  55  000C              #pragma debug variable 8 1 _com "com"
  55  000C              	db 1
  55  0006              @ROMDATA_BASE .section inpage 'code'
  55  0006              	db 1
  55  000D              @HCCINIT .section 'data'
  55  000D              public _date_code
  55  0000              @crom	.section 'crom'
  53  0000              #line 53 "D:\WORK\Project\Github\etable\code\I2C\HT66F319_I2C_UART.c"
  53  0000              @crom	.section	'crom'
  53  0000              _date_code:
  53  0000              #pragma debug array 46 7 9 1
  53  0000              #pragma debug array 46 7 9 1
  53  0000              #pragma debug variable 46 1 _date_code "date_code"
  53  0000              	db 031h,038h,031h,032h,030h,037h,030h,030h,00h
  53  0005              public _seg_7_table
  52  0005              #line 52 "D:\WORK\Project\Github\etable\code\I2C\HT66F319_I2C_UART.c"
  52  0005              @crom	.section	'crom'
  52  0005              _seg_7_table:
  52  0005              #pragma debug variable 44 1 _seg_7_table "seg_7_table"
  52  0005              	db 63
  52  0005              	db 6
  52  0006              	db 91
  52  0006              	db 79
  52  0007              	db 102
  52  0007              	db 109
  52  0008              	db 125
  52  0008              	db 7
  52  0009              	db 127
  52  0009              	db 111
  52  000A              	db 119
  52  000A              	db 124
  52  000B              	db 57
  52  000B              	db 94
  52  000C              	db 121
  52  000C              	db 113
  52  000D              #pragma debug struct_end
  52  000D              #pragma debug struct_end
  52  000D              #pragma debug union_end
  52  000D              #pragma debug union_end
  52  000D              #pragma debug variable 48 1 ___intc0 "__intc0" 1
  52  000D              #pragma debug struct_end
  52  000D              #pragma debug struct_end
  52  000D              #pragma debug union_end
  52  000D              #pragma debug union_end
  52  000D              #pragma debug variable 50 1 ___intc1 "__intc1" 1
  52  000D              #pragma debug struct_end
  52  000D              #pragma debug struct_end
  52  000D              #pragma debug union_end
"File: HT66F319_I2C_UART.c  Assembler  Version HGASM0202      Page 27

  52  000D              #pragma debug union_end
  52  000D              #pragma debug variable 52 1 ___intc2 "__intc2" 1
  52  000D              #pragma debug struct_end
  52  000D              #pragma debug struct_end
  52  000D              #pragma debug union_end
  52  000D              #pragma debug union_end
  52  000D              #pragma debug variable 54 1 ___pa "__pa" 1
  52  000D              #pragma debug struct_end
  52  000D              #pragma debug struct_end
  52  000D              #pragma debug union_end
  52  000D              #pragma debug union_end
  52  000D              #pragma debug variable 56 1 ___pac "__pac" 1
  52  000D              #pragma debug struct_end
  52  000D              #pragma debug struct_end
  52  000D              #pragma debug union_end
  52  000D              #pragma debug union_end
  52  000D              #pragma debug variable 58 1 ___papu "__papu" 1
  52  000D              #pragma debug struct_end
  52  000D              #pragma debug struct_end
  52  000D              #pragma debug union_end
  52  000D              #pragma debug union_end
  52  000D              #pragma debug variable 60 1 ___wdtc "__wdtc" 1
  52  000D              #pragma debug struct_end
  52  000D              #pragma debug struct_end
  52  000D              #pragma debug union_end
  52  000D              #pragma debug union_end
  52  000D              #pragma debug variable 62 1 ___tbc "__tbc" 1
  52  000D              #pragma debug struct_end
  52  000D              #pragma debug struct_end
  52  000D              #pragma debug union_end
  52  000D              #pragma debug union_end
  52  000D              #pragma debug variable 64 1 ___lvrc "__lvrc" 1
  52  000D              #pragma debug struct_end
  52  000D              #pragma debug struct_end
  52  000D              #pragma debug union_end
  52  000D              #pragma debug union_end
  52  000D              #pragma debug variable 66 1 ___pb "__pb" 1
  52  000D              #pragma debug struct_end
  52  000D              #pragma debug struct_end
  52  000D              #pragma debug union_end
  52  000D              #pragma debug union_end
  52  000D              #pragma debug variable 68 1 ___pbc "__pbc" 1
  52  000D              #pragma debug struct_end
  52  000D              #pragma debug struct_end
  52  000D              #pragma debug union_end
  52  000D              #pragma debug union_end
  52  000D              #pragma debug variable 70 1 ___pbpu "__pbpu" 1
  52  000D              #pragma debug struct_end
  52  000D              #pragma debug struct_end
  52  000D              #pragma debug union_end
  52  000D              #pragma debug union_end
  52  000D              #pragma debug variable 72 1 ___cpc "__cpc" 1
  52  000D              #pragma debug struct_end
  52  000D              #pragma debug struct_end
  52  000D              #pragma debug union_end
  52  000D              #pragma debug union_end
  52  000D              #pragma debug variable 74 1 ___pc "__pc" 1
  52  000D              #pragma debug struct_end
  52  000D              #pragma debug struct_end
  52  000D              #pragma debug union_end
"File: HT66F319_I2C_UART.c  Assembler  Version HGASM0202      Page 28

  52  000D              #pragma debug union_end
  52  000D              #pragma debug variable 76 1 ___pcc "__pcc" 1
  52  000D              #pragma debug struct_end
  52  000D              #pragma debug struct_end
  52  000D              #pragma debug union_end
  52  000D              #pragma debug union_end
  52  000D              #pragma debug variable 78 1 ___pcpu "__pcpu" 1
  52  000D              #pragma debug struct_end
  52  000D              #pragma debug struct_end
  52  000D              #pragma debug union_end
  52  000D              #pragma debug union_end
  52  000D              #pragma debug variable 80 1 ___acerl "__acerl" 1
  52  000D              #pragma debug struct_end
  52  000D              #pragma debug struct_end
  52  000D              #pragma debug union_end
  52  000D              #pragma debug union_end
  52  000D              #pragma debug variable 82 1 ___iicc0 "__iicc0" 1
  52  000D              #pragma debug struct_end
  52  000D              #pragma debug struct_end
  52  000D              #pragma debug union_end
  52  000D              #pragma debug union_end
  52  000D              #pragma debug variable 84 1 ___iicc1 "__iicc1" 1
  52  000D              #pragma debug struct_end
  52  000D              #pragma debug struct_end
  52  000D              #pragma debug union_end
  52  000D              #pragma debug union_end
  52  000D              #pragma debug variable 86 1 ___iicd "__iicd" 1
  52  000D              #pragma debug struct_end
  52  000D              #pragma debug struct_end
  52  000D              #pragma debug union_end
  52  000D              #pragma debug union_end
  52  000D              #pragma debug variable 88 1 ___iica "__iica" 1
  52  000D              #pragma debug struct_end
  52  000D              #pragma debug struct_end
  52  000D              #pragma debug union_end
  52  000D              #pragma debug union_end
  52  000D              #pragma debug variable 90 1 ___i2ctoc "__i2ctoc" 1
  52  000D              #pragma debug struct_end
  52  000D              #pragma debug struct_end
  52  000D              #pragma debug union_end
  52  000D              #pragma debug union_end
  52  000D              #pragma debug variable 92 1 ___sledc0 "__sledc0" 1
  52  000D              #pragma debug struct_end
  52  000D              #pragma debug struct_end
  52  000D              #pragma debug union_end
  52  000D              #pragma debug union_end
  52  000D              #pragma debug variable 94 1 ___sledc1 "__sledc1" 1
  52  000D              extern r1:byte
  52  000D              extern r2:byte
  52  000D              extern r3:byte
  52  000D              extern r4:byte
  52  000D              extern r5:byte
  52  000D              extern r6:byte
  52  000D              extern r7:byte
  84  000D              #line 84 "D:\WORK\Project\Github\etable\code\I2C\HT66F319_I2C_UART.c"
  84  0000              @code .section at 0 'code'
  84  0000  2800     R  	jmp _main_startup1
  84  0001              
  84  0001              extern _my_strcpy1_2:byte
  84  0001              extern _my_strcpy1:near
"File: HT66F319_I2C_UART.c  Assembler  Version HGASM0202      Page 29

  84  0001              extern _utoa_2:byte
  84  0001              extern _utoa:near
  84  0001              extern _EE_Read_Byte:near
  84  0001              extern _EE_Write_Byte_2:byte
  84  0001              extern _EE_Write_Byte:near
  84  0001              extern _EE_Write_2:byte
  84  0001              extern _EE_Write:near
  84  0001              
  84  0001              ; 
  84  0001              ; Generated by holtek-gcc v3.18, Wed Dec 12 17:36:59 2018
  84  0001              ; Rebuild 521
  84  0001              ; end of file


        0 Errors, 0