"File: my_fun.c      Assembler  Version HGASM0202      Page 1


   1  0000              ; Generated by holtek-gcc v3.18, Fri Nov 23 19:20:11 2018
   2  0000              ; 
   3  0000              ; Configuration:
   4  0000              ;       without long instruction
   5  0000              ;       Single ROM, Multi-RAM
   6  0000              ;       bits_per_rom_unit:16
   7  0000              ;       with mp1
   8  0000              ;       with tbhp, address(0x9)
   9  0000              ;          Use tabrd-const
  10  0000              ;       
  11  0000              ;       
  12  0000              ;       
  13  0000              ; use 'tabrdc' instead of 'tabrd'
  14  0000              ;       
  15  0000              
  16  0000              #pragma translator "holtek-gcc 4.6.4" "3.18" "build 20130711"
  17  0000              ; Rebuild 521
  18  0000              
  19  0000              ir equ [2]
  20  0000              mp equ [3]
  21  0000              sbp equ [1]
  22  0000              acc equ [5]
  23  0000              bp equ [4]
  24  0000              tblp equ [7]
  25  0000              tbhp equ [9]
  26  0000              status equ [10]
  27  0000              c equ [10].0
  28  0000              ac equ [10].1
  29  0000              z equ [10].2
  30  0000              ov equ [10].3
  31  0000              intc equ [11]
  32  0000              
  33  0000              extern ra:byte
  34  0000              extern rb:byte
  35  0000              extern rc:byte
  36  0000              extern rd:byte
  37  0000              extern re:byte
  38  0000              extern rf:byte
  39  0000              extern rg:byte
  40  0000              extern rh:byte
  41  0000              extern _Crom2Prom:near
  42  0000              extern _Crom2PromNext:near
  43  0000              
  44  0000              RAMBANK 0 @HCCINIT, @HCCINIT0
  45  0000              
  46  0000              RAMBANK 0 @BITDATASEC, @BITDATASEC1
  47  0000              @HCCINIT	.section 'data'
  48  0000              @HCCINIT0	.section 'data'
  49  0000              @BITDATASEC	 .section 'data'
  50  0000              @BITDATASEC1	 .section 'data'
  51  0000              
  52  0000              #pragma debug scope 1 1
  53  0000              	extern __DELAY3:near
  54  0000              	extern __DELAYX3:near
  55  0000              	extern __DELAYX6:near
  56  0000              	extern __DELAYY5:near
  57  0000              	extern __DELAYY3:near
  58  0000              	extern _builtin_holtek_delay_2:byte
  59  0000              public _Delay
"File: my_fun.ASM    Assembler  Version HGASM0202      Page 2

  60  0000              #pragma debug scope 2 1

   4  0000              #line 4 "D:\WORK\Project\Github\etable\code\I2C\my_fun.c"
   4  0000              _Delay .section 'code'
   4  0000              _Delay proc
   4  0000              public _Delay_2
   4  0000  0004[           local _Delay_2 db 4 dup(?)	; 2,2
            00
            ]
   4  0004              #pragma debug variable 10 2 _Delay_2+0 "count"
   4  0004              #pragma debug variable 10 2 _Delay_2+2 "i"
   6  0004              #line 6 "D:\WORK\Project\Github\etable\code\I2C\my_fun.c"
   6  0000  1F00     R  	clr _Delay_2[2]
   6  0001  1F00     R  	clr _Delay_2[3]
   6  0002  2800     R  	jmp _L2
   6  0003              _L3:
   8  0003              #line 8 "D:\WORK\Project\Github\etable\code\I2C\my_fun.c"
   8  0003              ;# 8 "D:\WORK\Project\Github\etable\code\I2C\my_fun.c" 1
   8  0003  0001        	clr wdt
   6  0004              #line 6 "D:\WORK\Project\Github\etable\code\I2C\my_fun.c"
   6  0004  1480     R  	inc _Delay_2[2]
   6  0005  3D0A        	sz z
   6  0006  1480     R  	inc _Delay_2[3]
   6  0007              _L2:
   6  0007  0700     R  	mov a,_Delay_2[2]
   6  0008  0200     R  	sub a,_Delay_2[0]
   6  0009  0700     R  	mov a,_Delay_2[3]
   6  000A  1200     R  	sbc a,_Delay_2[1]
   6  000B  380A        	snz c
   6  000C  2800     R  	jmp _L3
   6  000D  0003        	ret
   6  000E              _Delay endp
   6  000E              #line 6 "D:\WORK\Project\Github\etable\code\I2C\my_fun.c"
   6  000E              #pragma debug scope 1 1
   6  000E              public _my_strcpy
   6  000E              #pragma debug scope 3 1
  13  000E              #line 13 "D:\WORK\Project\Github\etable\code\I2C\my_fun.c"
  13  0000              _my_strcpy .section 'code'
  13  0000              _my_strcpy proc
  13  0000              public _my_strcpy_2
  13  0000  0004[           local _my_strcpy_2 db 4 dup(?)	; 4,0
            00
            ]
  13  0004              #pragma debug pointer 42 8 3
  13  0004              #pragma debug pointer 42 8 3
  13  0004              #pragma debug variable 42 3 _my_strcpy_2+0 "dest"
  13  0004              #pragma debug pointer 43 7 3
  13  0004              #pragma debug pointer 43 7 3
  13  0004              #pragma debug variable 43 3 _my_strcpy_2+2 "source"
  14  0004              #line 14 "D:\WORK\Project\Github\etable\code\I2C\my_fun.c"
  14  0000  1F00     E  	clr rb
  14  0001  1F00     E  	clr rc
  14  0002              _L6:
  15  0002              #line 15 "D:\WORK\Project\Github\etable\code\I2C\my_fun.c"
  15  0002  0700     E  	mov a,rb
  15  0003  0300     R  	add a,_my_strcpy_2[2]
  15  0004  0083        	mov mp,a
  15  0005  0700     E  	mov a,rc
  15  0006  1300     R  	adc a,_my_strcpy_2[3]
  15  0007  0081        	mov sbp,a
"File: my_fun.c      Assembler  Version HGASM0202      Page 3

  15  0008  2000     E  	call _Crom2Prom
  15  0009  0080     E  	mov ra,a
  17  000A              #line 17 "D:\WORK\Project\Github\etable\code\I2C\my_fun.c"
  17  000A  0700     E  	mov a,rb
  17  000B  0300     R  	add a,_my_strcpy_2[0]
  17  000C  0083        	mov mp,a
  17  000D  0700     E  	mov a,rc
  17  000E  1300     R  	adc a,_my_strcpy_2[1]
  17  000F  0081        	mov sbp,a
  15  0010              #line 15 "D:\WORK\Project\Github\etable\code\I2C\my_fun.c"
  15  0010  1080     E  	sz ra
  15  0011  2800     R  	jmp _LI1
  15  0012  2800     R  	jmp _L8
  15  0013              _LI1:
  17  0013              #line 17 "D:\WORK\Project\Github\etable\code\I2C\my_fun.c"
  17  0013  0701        	mov a,sbp
  17  0014  0084        	mov bp,a
  17  0015  0700     E  	mov a,ra
  17  0016  0082        	mov ir,a
  18  0017              #line 18 "D:\WORK\Project\Github\etable\code\I2C\my_fun.c"
  18  0017  1480     E  	inc rb
  18  0018  3D0A        	sz z
  18  0019  1480     E  	inc rc
  18  001A  2800     R  	jmp _L6
  18  001B              _L8:
  20  001B              #line 20 "D:\WORK\Project\Github\etable\code\I2C\my_fun.c"
  20  001B  0701        	mov a,sbp
  20  001C  0084        	mov bp,a
  20  001D  0F00        	mov a,0
  20  001E  0082        	mov ir,a
  22  001F              #line 22 "D:\WORK\Project\Github\etable\code\I2C\my_fun.c"
  22  001F  0700     E  	mov a,rb
  22  0020  0003        	ret
  22  0021              _my_strcpy endp
  22  0021              #line 22 "D:\WORK\Project\Github\etable\code\I2C\my_fun.c"
  22  0021              #pragma debug scope 1 1
  22  0021              public _my_strcpy1
  22  0021              #pragma debug scope 4 1
  25  0021              #line 25 "D:\WORK\Project\Github\etable\code\I2C\my_fun.c"
  25  0000              _my_strcpy1 .section 'code'
  25  0000              _my_strcpy1 proc
  25  0000              public _my_strcpy1_2
  25  0000  0005[           local _my_strcpy1_2 db 5 dup(?)	; 4,1
            00
            ]
  25  0000  0080     R  	mov _my_strcpy1_2[4],a
  25  0001              #pragma debug variable 8 4 _my_strcpy1_2+4 "num"
  25  0001              #pragma debug pointer 44 8 4
  25  0001              #pragma debug pointer 44 8 4
  25  0001              #pragma debug variable 44 4 _my_strcpy1_2+0 "dest"
  25  0001              #pragma debug pointer 45 7 4
  25  0001              #pragma debug pointer 45 7 4
  25  0001              #pragma debug variable 45 4 _my_strcpy1_2+2 "source"
  27  0001              #line 27 "D:\WORK\Project\Github\etable\code\I2C\my_fun.c"
  27  0001  1F00     E  	clr rb
  27  0002  1F00     E  	clr rc
  27  0003  2800     R  	jmp _L10
  27  0004              _L11:
  29  0004              #line 29 "D:\WORK\Project\Github\etable\code\I2C\my_fun.c"
  29  0004  0700     E  	mov a,rb
"File: my_fun.c      Assembler  Version HGASM0202      Page 4

  29  0005  0300     R  	add a,_my_strcpy1_2[2]
  29  0006  0083        	mov mp,a
  29  0007  0700     E  	mov a,rc
  29  0008  1300     R  	adc a,_my_strcpy1_2[3]
  29  0009  0081        	mov sbp,a
  29  000A  2000     E  	call _Crom2Prom
  29  000B  0080     E  	mov ra,a
  29  000C  0700     E  	mov a,rb
  29  000D  0300     R  	add a,_my_strcpy1_2[0]
  29  000E  0083        	mov mp,a
  29  000F  0700     E  	mov a,rc
  29  0010  1300     R  	adc a,_my_strcpy1_2[1]
  29  0011  0081        	mov sbp,a
  29  0012  0701        	mov a,sbp
  29  0013  0084        	mov bp,a
  29  0014  0700     E  	mov a,ra
  29  0015  0082        	mov ir,a
  27  0016              #line 27 "D:\WORK\Project\Github\etable\code\I2C\my_fun.c"
  27  0016  1480     E  	inc rb
  27  0017  3D0A        	sz z
  27  0018  1480     E  	inc rc
  27  0019              _L10:
  27  0019  0700     R  	mov a,_my_strcpy1_2[4]
  27  001A  0080     E  	mov rd,a
  27  001B  1F00     E  	clr re
  27  001C  0700     E  	mov a,rb
  27  001D  0200     E  	sub a,rd
  27  001E  0700     E  	mov a,rc
  27  001F  1200     E  	sbc a,re
  27  0020  1185        	swap acc
  27  0021  040A        	xor a,status
  27  0022  3D85        	sz acc.3
  27  0023  2800     R  	jmp _L11
  27  0024  0003        	ret
  27  0025              _my_strcpy1 endp
  27  0025              #line 27 "D:\WORK\Project\Github\etable\code\I2C\my_fun.c"
  27  0025              #pragma debug scope 1 1
  27  0025              public _my_strcmp
  27  0025              #pragma debug scope 5 1
  34  0025              #line 34 "D:\WORK\Project\Github\etable\code\I2C\my_fun.c"
  34  0000              _my_strcmp .section 'code'
  34  0000              _my_strcmp proc
  34  0000              public _my_strcmp_2
  34  0000  0005[           local _my_strcmp_2 db 5 dup(?)	; 4,1
            00
            ]
  34  0000  0080     R  	mov _my_strcmp_2[4],a
  34  0001              #pragma debug variable 8 5 _my_strcmp_2+4 "num"
  34  0001              #pragma debug pointer 46 8 5
  34  0001              #pragma debug pointer 46 8 5
  34  0001              #pragma debug variable 46 5 _my_strcmp_2+0 "dest"
  34  0001              #pragma debug pointer 47 7 5
  34  0001              #pragma debug pointer 47 7 5
  34  0001              #pragma debug variable 47 5 _my_strcmp_2+2 "source"
  36  0001              #line 36 "D:\WORK\Project\Github\etable\code\I2C\my_fun.c"
  36  0001  1F00     E  	clr rb
  36  0002  1F00     E  	clr rc
  36  0003              _L13:
  36  0003              #line 36 "D:\WORK\Project\Github\etable\code\I2C\my_fun.c"
  36  0003  0700     R  	mov a,_my_strcmp_2[4]
"File: my_fun.c      Assembler  Version HGASM0202      Page 5

  36  0004  0080     E  	mov rd,a
  36  0005  1F00     E  	clr re
  36  0006  0700     E  	mov a,rb
  36  0007  0200     E  	sub a,rd
  36  0008  0700     E  	mov a,rc
  36  0009  1200     E  	sbc a,re
  36  000A  1185        	swap acc
  36  000B  040A        	xor a,status
  36  000C  3985        	snz acc.3
  36  000D  2800     R  	jmp _L17
  38  000E              #line 38 "D:\WORK\Project\Github\etable\code\I2C\my_fun.c"
  38  000E  0700     E  	mov a,rb
  38  000F  0300     R  	add a,_my_strcmp_2[0]
  38  0010  0083        	mov mp,a
  38  0011  0700     E  	mov a,rc
  38  0012  1300     R  	adc a,_my_strcmp_2[1]
  38  0013  0081        	mov sbp,a
  38  0014  2000     E  	call _Crom2Prom
  38  0015  0080     E  	mov rd,a
  38  0016  0700     E  	mov a,rb
  38  0017  0300     R  	add a,_my_strcmp_2[2]
  38  0018  0083        	mov mp,a
  38  0019  0700     E  	mov a,rc
  38  001A  1300     R  	adc a,_my_strcmp_2[3]
  38  001B  0081        	mov sbp,a
  38  001C  2000     E  	call _Crom2Prom
  38  001D  0080     E  	mov ra,a
  38  001E  0700     E  	mov a,rd
  38  001F  0200     E  	sub a,ra
  38  0020  390A        	snz z
  38  0021  2800     R  	jmp _L16
  36  0022              #line 36 "D:\WORK\Project\Github\etable\code\I2C\my_fun.c"
  36  0022  1480     E  	inc rb
  36  0023  3D0A        	sz z
  36  0024  1480     E  	inc rc
  36  0025  2800     R  	jmp _L13
  36  0026              _L17:
  41  0026              #line 41 "D:\WORK\Project\Github\etable\code\I2C\my_fun.c"
  41  0026  0F01        	mov a,1
  41  0027  0080     E  	mov ra,a
  41  0028  2800     R  	jmp _L14
  41  0029              _L16:
  39  0029              #line 39 "D:\WORK\Project\Github\etable\code\I2C\my_fun.c"
  39  0029  1F00     E  	clr ra
  39  002A              _L14:
  42  002A              #line 42 "D:\WORK\Project\Github\etable\code\I2C\my_fun.c"
  42  002A  0700     E  	mov a,ra
  42  002B  0003        	ret
  42  002C              _my_strcmp endp
  42  002C              #line 42 "D:\WORK\Project\Github\etable\code\I2C\my_fun.c"
  42  002C              #pragma debug scope 1 1
  42  002C              public _Hex2char
  42  002C              #pragma debug scope 6 1
  45  002C              #line 45 "D:\WORK\Project\Github\etable\code\I2C\my_fun.c"
  45  0000              _Hex2char .section 'code'
  45  0000              _Hex2char proc
  45  0000  0002[           local _Hex2char_2 db 2 dup(?)	; 0,2
            00
            ]
  45  0000  0080     E  	mov ra,a
"File: my_fun.c      Assembler  Version HGASM0202      Page 6

  45  0001  0080     R  	mov _Hex2char_2[1],a
  45  0002              #pragma debug variable 8 6 _Hex2char_2+1 "num"
  45  0002              #pragma debug variable 8 6 _Hex2char_2+0 "u8temp"
  48  0002              #line 48 "D:\WORK\Project\Github\etable\code\I2C\my_fun.c"
  48  0002  0700     E  	mov a,ra
  48  0003  0E0F        	and a,15
  48  0004  0080     R  	mov _Hex2char_2[0],a
  49  0005              #line 49 "D:\WORK\Project\Github\etable\code\I2C\my_fun.c"
  49  0005  0F09        	mov a,9
  49  0006  0200     R  	sub a,_Hex2char_2[0]
  49  0007  380A        	snz c
  49  0008  2800     R  	jmp _L19
  51  0009              #line 51 "D:\WORK\Project\Github\etable\code\I2C\my_fun.c"
  51  0009  0700     R  	mov a,_Hex2char_2[0]
  51  000A  0B30        	add a,48
  51  000B  0080     E  	mov ra,a
  51  000C  2800     R  	jmp _L20
  51  000D              _L19:
  55  000D              #line 55 "D:\WORK\Project\Github\etable\code\I2C\my_fun.c"
  55  000D  0700     R  	mov a,_Hex2char_2[0]
  55  000E  0B37        	add a,55
  55  000F  0080     E  	mov ra,a
  55  0010              _L20:
  57  0010              #line 57 "D:\WORK\Project\Github\etable\code\I2C\my_fun.c"
  57  0010  0700     E  	mov a,ra
  57  0011  0003        	ret
  57  0012              _Hex2char endp
  57  0012              #line 57 "D:\WORK\Project\Github\etable\code\I2C\my_fun.c"
  57  0012              #pragma debug scope 1 1
  57  0012              public _Char2hex
  57  0012              #pragma debug scope 7 1
  60  0012              #line 60 "D:\WORK\Project\Github\etable\code\I2C\my_fun.c"
  60  0000              _Char2hex .section 'code'
  60  0000              _Char2hex proc
  60  0000  00              local _Char2hex_2 db 1 dup(?)	; 0,1
  60  0000  0080     E  	mov ra,a
  60  0001  0080     R  	mov _Char2hex_2[0],a
  60  0002              #pragma debug variable 8 7 _Char2hex_2+0 "num"
  61  0002              #line 61 "D:\WORK\Project\Github\etable\code\I2C\my_fun.c"
  61  0002  0FD0        	mov a,208
  61  0003  0380     E  	addm a,ra
  61  0004  0F09        	mov a,9
  61  0005  0200     E  	sub a,ra
  61  0006  3C0A        	sz c
  61  0007  2800     R  	jmp _L23
  65  0008              #line 65 "D:\WORK\Project\Github\etable\code\I2C\my_fun.c"
  65  0008  0700     R  	mov a,_Char2hex_2[0]
  65  0009  0BBF        	add a,191
  65  000A  0080     E  	mov ra,a
  65  000B  0F05        	mov a,5
  65  000C  0200     E  	sub a,ra
  65  000D  380A        	snz c
  65  000E  2800     R  	jmp _L24
  67  000F              #line 67 "D:\WORK\Project\Github\etable\code\I2C\my_fun.c"
  67  000F  0700     R  	mov a,_Char2hex_2[0]
  67  0010  0BC9        	add a,201
  67  0011  0080     E  	mov ra,a
  67  0012  2800     R  	jmp _L23
  67  0013              _L24:
  70  0013              #line 70 "D:\WORK\Project\Github\etable\code\I2C\my_fun.c"
"File: my_fun.c      Assembler  Version HGASM0202      Page 7

  70  0013  1F00     E  	clr ra
  70  0014              _L23:
  71  0014              #line 71 "D:\WORK\Project\Github\etable\code\I2C\my_fun.c"
  71  0014  0700     E  	mov a,ra
  71  0015  0003        	ret
  71  0016              _Char2hex endp
  71  0016              #line 71 "D:\WORK\Project\Github\etable\code\I2C\my_fun.c"
  71  0016              #pragma debug scope 1 1
  71  0000              @crom	.section 'crom'
  71  0000              _LC0:
  71  0000              	db 030h,031h,032h,033h,034h,035h,036h,037h,038h,039h
  71  0005              	db 00h
  71  0006              public _utoa
  71  0006              #pragma debug scope 8 1
  75  0006              #line 75 "D:\WORK\Project\Github\etable\code\I2C\my_fun.c"
  75  0000              _utoa .section 'code'
  75  0000              _utoa proc
  75  0000              public _utoa_2
  75  0000  0006[           local _utoa_2 db 6 dup(?)	; 4,2
            00
            ]
  75  0006              #pragma debug variable 10 8 _utoa_2+0 "n"
  75  0006              #pragma debug pointer 48 8 8
  75  0006              #pragma debug pointer 48 8 8
  75  0006              #pragma debug variable 48 8 _utoa_2+2 "str"
  75  0006              #pragma debug variable 10 8 _utoa_2+4 "temp"
  79  0006              #line 79 "D:\WORK\Project\Github\etable\code\I2C\my_fun.c"
  79  0000  0700     R  	mov a,_utoa_2[0]
  79  0001  0080     R  	mov _utoa_2[4],a
  79  0002  0700     R  	mov a,_utoa_2[1]
  79  0003  0080     R  	mov _utoa_2[5],a
  80  0004              #line 80 "D:\WORK\Project\Github\etable\code\I2C\my_fun.c"
  80  0004  0700     R  	mov a,_utoa_2[0]
  80  0005  0500     R  	or a,_utoa_2[1]
  80  0006  390A        	snz z
  80  0007  2800     R  	jmp _L26
  83  0008              #line 83 "D:\WORK\Project\Github\etable\code\I2C\my_fun.c"
  83  0008  0700     R  	mov a,_utoa_2[2]
  83  0009  0083        	mov mp,a
  83  000A  0700     R  	mov a,_utoa_2[3]
  83  000B  0081        	mov sbp,a
  83  000C  0701        	mov a,sbp
  83  000D  0084        	mov bp,a
  83  000E  0F30        	mov a,48
  83  000F  0082        	mov ir,a
  83  0010  0F01        	mov a,1
  83  0011  0300     R  	add a,_utoa_2[2]
  83  0012  0083        	mov mp,a
  83  0013  0F00        	mov a,0
  83  0014  1300     R  	adc a,_utoa_2[3]
  83  0015  0081        	mov sbp,a
  83  0016  0701        	mov a,sbp
  83  0017  0084        	mov bp,a
  83  0018  0F30        	mov a,48
  83  0019  0082        	mov ir,a
  83  001A  0F02        	mov a,2
  83  001B  0300     R  	add a,_utoa_2[2]
  83  001C  0083        	mov mp,a
  83  001D  0F00        	mov a,0
  83  001E  1300     R  	adc a,_utoa_2[3]
"File: my_fun.c      Assembler  Version HGASM0202      Page 8

  83  001F  0081        	mov sbp,a
  83  0020  0701        	mov a,sbp
  83  0021  0084        	mov bp,a
  83  0022  0F30        	mov a,48
  83  0023  0082        	mov ir,a
  83  0024  2800     R  	jmp _L25
  83  0025              _L26:
  80  0025              #line 80 "D:\WORK\Project\Github\etable\code\I2C\my_fun.c"
  80  0025  0F03        	mov a,3
  80  0026  0080     E  	mov ra,a
  80  0027  1F00     E  	clr rd
  80  0028              _L28:
  89  0028              #line 89 "D:\WORK\Project\Github\etable\code\I2C\my_fun.c"
  89  0028  1F00     E  	clr _builtin_holtek_udivmodhi4_2[6]
  89  0029  0700     R  	mov a,_utoa_2[4]  
  89  002A  0080     E  	mov _builtin_holtek_udivmodhi4_2[0],a  
  89  002B  0700     R  	mov a,_utoa_2[5]  
  89  002C  0080     E  	mov _builtin_holtek_udivmodhi4_2[1],a
  89  002D  0F0A        	mov a,10  
  89  002E  0080     E  	mov _builtin_holtek_udivmodhi4_2[2],a  
  89  002F  1F00     E  	clr _builtin_holtek_udivmodhi4_2[3]
  89  0030  2000     E  	call _builtin_holtek_udivmodhi4
  89  0031  0700     E  	mov a,_builtin_holtek_udivmodhi4_2[4]  
  89  0032  0080     E  	mov rb,a  
  89  0033  0700     E  	mov a,_builtin_holtek_udivmodhi4_2[5]  
  89  0034  0080     E  	mov rc,a
  89  0035  0F00     R  	mov a,low offset _LC0
  89  0036  0300     E  	add a,rb
  89  0037  0083        	mov mp,a
  89  0038  0F00     R  	mov a,high offset _LC0
  89  0039  1300     E  	adc a,rc
  89  003A  0081        	mov sbp,a
  89  003B  2000     E  	call _Crom2Prom
  89  003C  0080     E  	mov rb,a
  89  003D  0700     E  	mov a,rd
  89  003E  0300     R  	add a,_utoa_2[2]
  89  003F  0083        	mov mp,a
  89  0040  1F05        	clr acc
  89  0041  1300     R  	adc a,_utoa_2[3]
  89  0042  0081        	mov sbp,a
  89  0043  0701        	mov a,sbp
  89  0044  0084        	mov bp,a
  89  0045  0700     E  	mov a,rb
  89  0046  0082        	mov ir,a
  90  0047              #line 90 "D:\WORK\Project\Github\etable\code\I2C\my_fun.c"
  90  0047  1F00     E  	clr _builtin_holtek_udivmodhi4_2[6]
  90  0048  0700     R  	mov a,_utoa_2[4]  
  90  0049  0080     E  	mov _builtin_holtek_udivmodhi4_2[0],a  
  90  004A  0700     R  	mov a,_utoa_2[5]  
  90  004B  0080     E  	mov _builtin_holtek_udivmodhi4_2[1],a
  90  004C  0F0A        	mov a,10  
  90  004D  0080     E  	mov _builtin_holtek_udivmodhi4_2[2],a  
  90  004E  1F00     E  	clr _builtin_holtek_udivmodhi4_2[3]
  90  004F  2000     E  	call _builtin_holtek_udivmodhi4
  90  0050  0700     E  	mov a,_builtin_holtek_udivmodhi4_2[0]  
  90  0051  0080     R  	mov _utoa_2[4],a  
  90  0052  0700     E  	mov a,_builtin_holtek_udivmodhi4_2[1]  
  90  0053  0080     R  	mov _utoa_2[5],a
  87  0054              #line 87 "D:\WORK\Project\Github\etable\code\I2C\my_fun.c"
  87  0054  1480     E  	inc rd
"File: my_fun.c      Assembler  Version HGASM0202      Page 9

  87  0055  1780     E  	sdz ra
  87  0056  2800     R  	jmp _L28
  87  0057              _L25:
  87  0057  0003        	ret
  87  0058              _utoa endp
  87  0058              #line 87 "D:\WORK\Project\Github\etable\code\I2C\my_fun.c"
  87  0058              #pragma debug scope 1 1
  87  0058              public _atou
  87  0058              #pragma debug scope 9 1
  96  0058              #line 96 "D:\WORK\Project\Github\etable\code\I2C\my_fun.c"
  96  0000              _atou .section 'code'
  96  0000              _atou proc
  96  0000              public _atou_2
  96  0000  0004[           local _atou_2 db 4 dup(?)	; 2,2
            00
            ]
  96  0004              #pragma debug pointer 49 8 9
  96  0004              #pragma debug pointer 49 8 9
  96  0004              #pragma debug variable 49 9 _atou_2+0 "str"
  97  0004              #line 97 "D:\WORK\Project\Github\etable\code\I2C\my_fun.c"
  97  0000  0700     R  	mov a,_atou_2[0]
  97  0001  0083        	mov mp,a
  97  0002  0700     R  	mov a,_atou_2[1]
  97  0003  0081        	mov sbp,a
  97  0004  2000     E  	call _Crom2Prom
  97  0005  2000     R  	call _Char2hex
  97  0006  0080     R  	mov _atou_2[2],a
  97  0007  0F02        	mov a,2
  97  0008  0300     R  	add a,_atou_2[0]
  97  0009  0083        	mov mp,a
  97  000A  0F00        	mov a,0
  97  000B  1300     R  	adc a,_atou_2[1]
  97  000C  0081        	mov sbp,a
  97  000D  2000     E  	call _Crom2Prom
  97  000E  2000     R  	call _Char2hex
  97  000F  0080     R  	mov _atou_2[3],a
  97  0010  0F01        	mov a,1
  97  0011  0300     R  	add a,_atou_2[0]
  97  0012  0083        	mov mp,a
  97  0013  0F00        	mov a,0
  97  0014  1300     R  	adc a,_atou_2[1]
  97  0015  0081        	mov sbp,a
  97  0016  2000     E  	call _Crom2Prom
  97  0017  2000     R  	call _Char2hex
  97  0018  0080     E  	mov rd,a
  97  0019  0700     R  	mov a,_atou_2[3]
  97  001A  0080     E  	mov _builtin_holtek_mulhi3_2[0],a
  97  001B  1F00     E  	clr _builtin_holtek_mulhi3_2[1]
  97  001C  0F64        	mov a,100
  97  001D  0080     E  	mov _builtin_holtek_mulhi3_2[2],a
  97  001E  0F00        	mov a,0
  97  001F  0080     E  	mov _builtin_holtek_mulhi3_2[3],a
  97  0020  2000     E  	call _builtin_holtek_mulhi3
  97  0021  0700     E  	mov a,_builtin_holtek_mulhi3_2[4]  
  97  0022  0080     E  	mov rf,a  
  97  0023  0700     E  	mov a,_builtin_holtek_mulhi3_2[5]  
  97  0024  0080     E  	mov rg,a
  97  0025  1F00     E  	clr re
  97  0026  340A        	clr c
  97  0027  1A00     E  	rlca rd
"File: my_fun.c      Assembler  Version HGASM0202      Page 10

  97  0028  0080     E  	mov rb,a
  97  0029  1A00     E  	rlca re
  97  002A  0080     E  	mov rc,a
  97  002B  340A        	clr c
  97  002C  1A80     E  	rlc rb
  97  002D  1A80     E  	rlc rc
  97  002E  0700     E  	mov a,rd
  97  002F  0380     E  	addm a,rb
  97  0030  0700     E  	mov a,re
  97  0031  1380     E  	adcm a,rc
  97  0032  340A        	clr c
  97  0033  1A80     E  	rlc rb
  97  0034  1A80     E  	rlc rc
  97  0035  0700     E  	mov a,rf
  97  0036  0380     E  	addm a,rb
  97  0037  0700     E  	mov a,rg
  97  0038  1380     E  	adcm a,rc
  98  0039              #line 98 "D:\WORK\Project\Github\etable\code\I2C\my_fun.c"
  98  0039  0700     R  	mov a,_atou_2[2]
  98  003A  0300     E  	add a,rb
  98  003B  0080     E  	mov rd,a
  98  003C  1F05        	clr acc
  98  003D  1300     E  	adc a,rc
  98  003E  0080     E  	mov re,a
  98  003F  0700     E  	mov a,rd
  98  0040  0080     E  	mov ra,a
  98  0041  0700     E  	mov a,re
  98  0042  0080     E  	mov rb,a
  98  0043  0003        	ret
  98  0044              _atou endp
  98  0044              #line 98 "D:\WORK\Project\Github\etable\code\I2C\my_fun.c"
  98  0044              #pragma debug scope 1 1
  98  0044              extern _builtin_holtek_udivmodhi4_2:byte
  98  0044              extern _builtin_holtek_udivmodhi4:near
  98  0044              extern _builtin_holtek_mulhi3_2:byte
  98  0044              extern _builtin_holtek_mulhi3:near
  98  0044              
  98  0044              ; 
  98  0044              ; Generated by holtek-gcc v3.18, Fri Nov 23 19:20:11 2018
  98  0044              ; Rebuild 521
  98  0044              ; end of file


        0 Errors, 0